<?xml version="1.0" encoding="UTF-8"?>
<testsuite xmlns:xsi="http://www.w3.org/2001/XMLSchema-instance" xsi:noNamespaceSchemaLocation="https://maven.apache.org/surefire/maven-surefire-plugin/xsd/surefire-test-report.xsd" version="3.0.2" name="com.example.session_demo.controller.ProviderControllerIntegrationTest" time="1.662" tests="3" errors="0" skipped="0" failures="1">
  <properties>
    <property name="java.specification.version" value="17"/>
    <property name="sun.jnu.encoding" value="UTF-8"/>
    <property name="java.class.path" value="/home/lnv-244/CodeBase/session/java-ai-suit-9/target/test-classes:/home/lnv-244/CodeBase/session/java-ai-suit-9/target/classes:/home/lnv-244/.m2/repository/org/springframework/boot/spring-boot-starter-web/3.5.3/spring-boot-starter-web-3.5.3.jar:/home/lnv-244/.m2/repository/org/springframework/boot/spring-boot-starter/3.5.3/spring-boot-starter-3.5.3.jar:/home/lnv-244/.m2/repository/org/springframework/boot/spring-boot-starter-logging/3.5.3/spring-boot-starter-logging-3.5.3.jar:/home/lnv-244/.m2/repository/ch/qos/logback/logback-classic/1.5.18/logback-classic-1.5.18.jar:/home/lnv-244/.m2/repository/ch/qos/logback/logback-core/1.5.18/logback-core-1.5.18.jar:/home/lnv-244/.m2/repository/org/apache/logging/log4j/log4j-to-slf4j/2.24.3/log4j-to-slf4j-2.24.3.jar:/home/lnv-244/.m2/repository/org/apache/logging/log4j/log4j-api/2.24.3/log4j-api-2.24.3.jar:/home/lnv-244/.m2/repository/org/slf4j/jul-to-slf4j/2.0.17/jul-to-slf4j-2.0.17.jar:/home/lnv-244/.m2/repository/jakarta/annotation/jakarta.annotation-api/2.1.1/jakarta.annotation-api-2.1.1.jar:/home/lnv-244/.m2/repository/org/yaml/snakeyaml/2.4/snakeyaml-2.4.jar:/home/lnv-244/.m2/repository/org/springframework/boot/spring-boot-starter-json/3.5.3/spring-boot-starter-json-3.5.3.jar:/home/lnv-244/.m2/repository/com/fasterxml/jackson/datatype/jackson-datatype-jdk8/2.19.1/jackson-datatype-jdk8-2.19.1.jar:/home/lnv-244/.m2/repository/com/fasterxml/jackson/datatype/jackson-datatype-jsr310/2.19.1/jackson-datatype-jsr310-2.19.1.jar:/home/lnv-244/.m2/repository/com/fasterxml/jackson/module/jackson-module-parameter-names/2.19.1/jackson-module-parameter-names-2.19.1.jar:/home/lnv-244/.m2/repository/org/springframework/boot/spring-boot-starter-tomcat/3.5.3/spring-boot-starter-tomcat-3.5.3.jar:/home/lnv-244/.m2/repository/org/apache/tomcat/embed/tomcat-embed-core/10.1.42/tomcat-embed-core-10.1.42.jar:/home/lnv-244/.m2/repository/org/apache/tomcat/embed/tomcat-embed-websocket/10.1.42/tomcat-embed-websocket-10.1.42.jar:/home/lnv-244/.m2/repository/org/springframework/spring-web/6.2.8/spring-web-6.2.8.jar:/home/lnv-244/.m2/repository/org/springframework/spring-beans/6.2.8/spring-beans-6.2.8.jar:/home/lnv-244/.m2/repository/io/micrometer/micrometer-observation/1.15.1/micrometer-observation-1.15.1.jar:/home/lnv-244/.m2/repository/io/micrometer/micrometer-commons/1.15.1/micrometer-commons-1.15.1.jar:/home/lnv-244/.m2/repository/org/springframework/spring-webmvc/6.2.8/spring-webmvc-6.2.8.jar:/home/lnv-244/.m2/repository/org/springframework/spring-context/6.2.8/spring-context-6.2.8.jar:/home/lnv-244/.m2/repository/org/springframework/spring-expression/6.2.8/spring-expression-6.2.8.jar:/home/lnv-244/.m2/repository/org/springframework/boot/spring-boot-starter-data-jpa/3.5.3/spring-boot-starter-data-jpa-3.5.3.jar:/home/lnv-244/.m2/repository/org/springframework/boot/spring-boot-starter-jdbc/3.5.3/spring-boot-starter-jdbc-3.5.3.jar:/home/lnv-244/.m2/repository/com/zaxxer/HikariCP/6.3.0/HikariCP-6.3.0.jar:/home/lnv-244/.m2/repository/org/springframework/spring-jdbc/6.2.8/spring-jdbc-6.2.8.jar:/home/lnv-244/.m2/repository/org/hibernate/orm/hibernate-core/6.6.18.Final/hibernate-core-6.6.18.Final.jar:/home/lnv-244/.m2/repository/jakarta/persistence/jakarta.persistence-api/3.1.0/jakarta.persistence-api-3.1.0.jar:/home/lnv-244/.m2/repository/jakarta/transaction/jakarta.transaction-api/2.0.1/jakarta.transaction-api-2.0.1.jar:/home/lnv-244/.m2/repository/org/jboss/logging/jboss-logging/3.6.1.Final/jboss-logging-3.6.1.Final.jar:/home/lnv-244/.m2/repository/org/hibernate/common/hibernate-commons-annotations/7.0.3.Final/hibernate-commons-annotations-7.0.3.Final.jar:/home/lnv-244/.m2/repository/io/smallrye/jandex/3.2.0/jandex-3.2.0.jar:/home/lnv-244/.m2/repository/com/fasterxml/classmate/1.7.0/classmate-1.7.0.jar:/home/lnv-244/.m2/repository/net/bytebuddy/byte-buddy/1.17.6/byte-buddy-1.17.6.jar:/home/lnv-244/.m2/repository/org/glassfish/jaxb/jaxb-runtime/4.0.5/jaxb-runtime-4.0.5.jar:/home/lnv-244/.m2/repository/org/glassfish/jaxb/jaxb-core/4.0.5/jaxb-core-4.0.5.jar:/home/lnv-244/.m2/repository/org/glassfish/jaxb/txw2/4.0.5/txw2-4.0.5.jar:/home/lnv-244/.m2/repository/com/sun/istack/istack-commons-runtime/4.1.2/istack-commons-runtime-4.1.2.jar:/home/lnv-244/.m2/repository/jakarta/inject/jakarta.inject-api/2.0.1/jakarta.inject-api-2.0.1.jar:/home/lnv-244/.m2/repository/org/antlr/antlr4-runtime/4.13.0/antlr4-runtime-4.13.0.jar:/home/lnv-244/.m2/repository/org/springframework/data/spring-data-jpa/3.5.1/spring-data-jpa-3.5.1.jar:/home/lnv-244/.m2/repository/org/springframework/data/spring-data-commons/3.5.1/spring-data-commons-3.5.1.jar:/home/lnv-244/.m2/repository/org/springframework/spring-orm/6.2.8/spring-orm-6.2.8.jar:/home/lnv-244/.m2/repository/org/springframework/spring-tx/6.2.8/spring-tx-6.2.8.jar:/home/lnv-244/.m2/repository/org/slf4j/slf4j-api/2.0.17/slf4j-api-2.0.17.jar:/home/lnv-244/.m2/repository/org/springframework/spring-aspects/6.2.8/spring-aspects-6.2.8.jar:/home/lnv-244/.m2/repository/org/aspectj/aspectjweaver/1.9.24/aspectjweaver-1.9.24.jar:/home/lnv-244/.m2/repository/org/springframework/boot/spring-boot-starter-validation/3.5.3/spring-boot-starter-validation-3.5.3.jar:/home/lnv-244/.m2/repository/org/apache/tomcat/embed/tomcat-embed-el/10.1.42/tomcat-embed-el-10.1.42.jar:/home/lnv-244/.m2/repository/org/hibernate/validator/hibernate-validator/8.0.2.Final/hibernate-validator-8.0.2.Final.jar:/home/lnv-244/.m2/repository/jakarta/validation/jakarta.validation-api/3.0.2/jakarta.validation-api-3.0.2.jar:/home/lnv-244/.m2/repository/org/springframework/boot/spring-boot-devtools/3.5.3/spring-boot-devtools-3.5.3.jar:/home/lnv-244/.m2/repository/org/springframework/boot/spring-boot/3.5.3/spring-boot-3.5.3.jar:/home/lnv-244/.m2/repository/org/springframework/boot/spring-boot-autoconfigure/3.5.3/spring-boot-autoconfigure-3.5.3.jar:/home/lnv-244/.m2/repository/org/postgresql/postgresql/42.7.7/postgresql-42.7.7.jar:/home/lnv-244/.m2/repository/org/checkerframework/checker-qual/3.49.3/checker-qual-3.49.3.jar:/home/lnv-244/.m2/repository/com/h2database/h2/2.3.232/h2-2.3.232.jar:/home/lnv-244/.m2/repository/org/springdoc/springdoc-openapi-starter-webmvc-ui/2.2.0/springdoc-openapi-starter-webmvc-ui-2.2.0.jar:/home/lnv-244/.m2/repository/org/springdoc/springdoc-openapi-starter-webmvc-api/2.2.0/springdoc-openapi-starter-webmvc-api-2.2.0.jar:/home/lnv-244/.m2/repository/org/springdoc/springdoc-openapi-starter-common/2.2.0/springdoc-openapi-starter-common-2.2.0.jar:/home/lnv-244/.m2/repository/io/swagger/core/v3/swagger-core-jakarta/2.2.15/swagger-core-jakarta-2.2.15.jar:/home/lnv-244/.m2/repository/org/apache/commons/commons-lang3/3.17.0/commons-lang3-3.17.0.jar:/home/lnv-244/.m2/repository/io/swagger/core/v3/swagger-annotations-jakarta/2.2.15/swagger-annotations-jakarta-2.2.15.jar:/home/lnv-244/.m2/repository/io/swagger/core/v3/swagger-models-jakarta/2.2.15/swagger-models-jakarta-2.2.15.jar:/home/lnv-244/.m2/repository/com/fasterxml/jackson/dataformat/jackson-dataformat-yaml/2.19.1/jackson-dataformat-yaml-2.19.1.jar:/home/lnv-244/.m2/repository/org/webjars/swagger-ui/5.2.0/swagger-ui-5.2.0.jar:/home/lnv-244/.m2/repository/org/springframework/boot/spring-boot-starter-security/3.5.3/spring-boot-starter-security-3.5.3.jar:/home/lnv-244/.m2/repository/org/springframework/spring-aop/6.2.8/spring-aop-6.2.8.jar:/home/lnv-244/.m2/repository/org/springframework/security/spring-security-config/6.5.1/spring-security-config-6.5.1.jar:/home/lnv-244/.m2/repository/org/springframework/security/spring-security-core/6.5.1/spring-security-core-6.5.1.jar:/home/lnv-244/.m2/repository/org/springframework/security/spring-security-crypto/6.5.1/spring-security-crypto-6.5.1.jar:/home/lnv-244/.m2/repository/org/springframework/security/spring-security-web/6.5.1/spring-security-web-6.5.1.jar:/home/lnv-244/.m2/repository/org/mindrot/jbcrypt/0.4/jbcrypt-0.4.jar:/home/lnv-244/.m2/repository/io/jsonwebtoken/jjwt-api/0.12.3/jjwt-api-0.12.3.jar:/home/lnv-244/.m2/repository/io/jsonwebtoken/jjwt-impl/0.12.3/jjwt-impl-0.12.3.jar:/home/lnv-244/.m2/repository/io/jsonwebtoken/jjwt-jackson/0.12.3/jjwt-jackson-0.12.3.jar:/home/lnv-244/.m2/repository/com/fasterxml/jackson/core/jackson-databind/2.19.1/jackson-databind-2.19.1.jar:/home/lnv-244/.m2/repository/com/fasterxml/jackson/core/jackson-annotations/2.19.1/jackson-annotations-2.19.1.jar:/home/lnv-244/.m2/repository/com/fasterxml/jackson/core/jackson-core/2.19.1/jackson-core-2.19.1.jar:/home/lnv-244/.m2/repository/org/springframework/boot/spring-boot-starter-mail/3.5.3/spring-boot-starter-mail-3.5.3.jar:/home/lnv-244/.m2/repository/org/springframework/spring-context-support/6.2.8/spring-context-support-6.2.8.jar:/home/lnv-244/.m2/repository/org/eclipse/angus/jakarta.mail/2.0.3/jakarta.mail-2.0.3.jar:/home/lnv-244/.m2/repository/jakarta/activation/jakarta.activation-api/2.1.3/jakarta.activation-api-2.1.3.jar:/home/lnv-244/.m2/repository/org/eclipse/angus/angus-activation/2.0.2/angus-activation-2.0.2.jar:/home/lnv-244/.m2/repository/org/springframework/boot/spring-boot-starter-data-redis/3.5.3/spring-boot-starter-data-redis-3.5.3.jar:/home/lnv-244/.m2/repository/io/lettuce/lettuce-core/6.6.0.RELEASE/lettuce-core-6.6.0.RELEASE.jar:/home/lnv-244/.m2/repository/redis/clients/authentication/redis-authx-core/0.1.1-beta2/redis-authx-core-0.1.1-beta2.jar:/home/lnv-244/.m2/repository/io/netty/netty-common/4.1.122.Final/netty-common-4.1.122.Final.jar:/home/lnv-244/.m2/repository/io/netty/netty-handler/4.1.122.Final/netty-handler-4.1.122.Final.jar:/home/lnv-244/.m2/repository/io/netty/netty-resolver/4.1.122.Final/netty-resolver-4.1.122.Final.jar:/home/lnv-244/.m2/repository/io/netty/netty-buffer/4.1.122.Final/netty-buffer-4.1.122.Final.jar:/home/lnv-244/.m2/repository/io/netty/netty-transport-native-unix-common/4.1.122.Final/netty-transport-native-unix-common-4.1.122.Final.jar:/home/lnv-244/.m2/repository/io/netty/netty-codec/4.1.122.Final/netty-codec-4.1.122.Final.jar:/home/lnv-244/.m2/repository/io/netty/netty-transport/4.1.122.Final/netty-transport-4.1.122.Final.jar:/home/lnv-244/.m2/repository/io/projectreactor/reactor-core/3.7.7/reactor-core-3.7.7.jar:/home/lnv-244/.m2/repository/org/reactivestreams/reactive-streams/1.0.4/reactive-streams-1.0.4.jar:/home/lnv-244/.m2/repository/org/springframework/data/spring-data-redis/3.5.1/spring-data-redis-3.5.1.jar:/home/lnv-244/.m2/repository/org/springframework/data/spring-data-keyvalue/3.5.1/spring-data-keyvalue-3.5.1.jar:/home/lnv-244/.m2/repository/org/springframework/spring-oxm/6.2.8/spring-oxm-6.2.8.jar:/home/lnv-244/.m2/repository/it/ozimov/embedded-redis/0.7.3/embedded-redis-0.7.3.jar:/home/lnv-244/.m2/repository/com/google/guava/guava/21.0/guava-21.0.jar:/home/lnv-244/.m2/repository/commons-io/commons-io/2.5/commons-io-2.5.jar:/home/lnv-244/.m2/repository/org/slf4j/slf4j-simple/2.0.17/slf4j-simple-2.0.17.jar:/home/lnv-244/.m2/repository/commons-logging/commons-logging/1.2/commons-logging-1.2.jar:/home/lnv-244/.m2/repository/com/googlecode/libphonenumber/libphonenumber/8.13.32/libphonenumber-8.13.32.jar:/home/lnv-244/.m2/repository/org/projectlombok/lombok/1.18.38/lombok-1.18.38.jar:/home/lnv-244/.m2/repository/org/springframework/boot/spring-boot-starter-test/3.5.3/spring-boot-starter-test-3.5.3.jar:/home/lnv-244/.m2/repository/org/springframework/boot/spring-boot-test/3.5.3/spring-boot-test-3.5.3.jar:/home/lnv-244/.m2/repository/org/springframework/boot/spring-boot-test-autoconfigure/3.5.3/spring-boot-test-autoconfigure-3.5.3.jar:/home/lnv-244/.m2/repository/com/jayway/jsonpath/json-path/2.9.0/json-path-2.9.0.jar:/home/lnv-244/.m2/repository/jakarta/xml/bind/jakarta.xml.bind-api/4.0.2/jakarta.xml.bind-api-4.0.2.jar:/home/lnv-244/.m2/repository/net/minidev/json-smart/2.5.2/json-smart-2.5.2.jar:/home/lnv-244/.m2/repository/net/minidev/accessors-smart/2.5.2/accessors-smart-2.5.2.jar:/home/lnv-244/.m2/repository/org/ow2/asm/asm/9.7.1/asm-9.7.1.jar:/home/lnv-244/.m2/repository/org/assertj/assertj-core/3.27.3/assertj-core-3.27.3.jar:/home/lnv-244/.m2/repository/org/awaitility/awaitility/4.2.2/awaitility-4.2.2.jar:/home/lnv-244/.m2/repository/org/hamcrest/hamcrest/3.0/hamcrest-3.0.jar:/home/lnv-244/.m2/repository/org/junit/jupiter/junit-jupiter/5.12.2/junit-jupiter-5.12.2.jar:/home/lnv-244/.m2/repository/org/junit/jupiter/junit-jupiter-api/5.12.2/junit-jupiter-api-5.12.2.jar:/home/lnv-244/.m2/repository/org/opentest4j/opentest4j/1.3.0/opentest4j-1.3.0.jar:/home/lnv-244/.m2/repository/org/junit/platform/junit-platform-commons/1.12.2/junit-platform-commons-1.12.2.jar:/home/lnv-244/.m2/repository/org/apiguardian/apiguardian-api/1.1.2/apiguardian-api-1.1.2.jar:/home/lnv-244/.m2/repository/org/junit/jupiter/junit-jupiter-params/5.12.2/junit-jupiter-params-5.12.2.jar:/home/lnv-244/.m2/repository/org/junit/jupiter/junit-jupiter-engine/5.12.2/junit-jupiter-engine-5.12.2.jar:/home/lnv-244/.m2/repository/org/junit/platform/junit-platform-engine/1.12.2/junit-platform-engine-1.12.2.jar:/home/lnv-244/.m2/repository/org/mockito/mockito-core/5.17.0/mockito-core-5.17.0.jar:/home/lnv-244/.m2/repository/net/bytebuddy/byte-buddy-agent/1.17.6/byte-buddy-agent-1.17.6.jar:/home/lnv-244/.m2/repository/org/objenesis/objenesis/3.3/objenesis-3.3.jar:/home/lnv-244/.m2/repository/org/mockito/mockito-junit-jupiter/5.17.0/mockito-junit-jupiter-5.17.0.jar:/home/lnv-244/.m2/repository/org/skyscreamer/jsonassert/1.5.3/jsonassert-1.5.3.jar:/home/lnv-244/.m2/repository/com/vaadin/external/google/android-json/0.0.20131108.vaadin1/android-json-0.0.20131108.vaadin1.jar:/home/lnv-244/.m2/repository/org/springframework/spring-core/6.2.8/spring-core-6.2.8.jar:/home/lnv-244/.m2/repository/org/springframework/spring-jcl/6.2.8/spring-jcl-6.2.8.jar:/home/lnv-244/.m2/repository/org/springframework/spring-test/6.2.8/spring-test-6.2.8.jar:/home/lnv-244/.m2/repository/org/xmlunit/xmlunit-core/2.10.2/xmlunit-core-2.10.2.jar:"/>
    <property name="java.vm.vendor" value="Ubuntu"/>
    <property name="sun.arch.data.model" value="64"/>
    <property name="java.vendor.url" value="https://ubuntu.com/"/>
    <property name="user.timezone" value="Asia/Kolkata"/>
    <property name="org.jboss.logging.provider" value="slf4j"/>
    <property name="os.name" value="Linux"/>
    <property name="java.vm.specification.version" value="17"/>
    <property name="APPLICATION_NAME" value="session-demo"/>
    <property name="sun.java.launcher" value="SUN_STANDARD"/>
    <property name="user.country" value="US"/>
    <property name="sun.boot.library.path" value="/usr/lib/jvm/java-17-openjdk-amd64/lib"/>
    <property name="sun.java.command" value="/home/lnv-244/CodeBase/session/java-ai-suit-9/target/surefire/surefirebooter-20250724180256481_3.jar /home/lnv-244/CodeBase/session/java-ai-suit-9/target/surefire 2025-07-24T18-02-56_390-jvmRun1 surefire-20250724180256481_1tmp surefire_0-20250724180256481_2tmp"/>
    <property name="jdk.debug" value="release"/>
    <property name="surefire.test.class.path" value="/home/lnv-244/CodeBase/session/java-ai-suit-9/target/test-classes:/home/lnv-244/CodeBase/session/java-ai-suit-9/target/classes:/home/lnv-244/.m2/repository/org/springframework/boot/spring-boot-starter-web/3.5.3/spring-boot-starter-web-3.5.3.jar:/home/lnv-244/.m2/repository/org/springframework/boot/spring-boot-starter/3.5.3/spring-boot-starter-3.5.3.jar:/home/lnv-244/.m2/repository/org/springframework/boot/spring-boot-starter-logging/3.5.3/spring-boot-starter-logging-3.5.3.jar:/home/lnv-244/.m2/repository/ch/qos/logback/logback-classic/1.5.18/logback-classic-1.5.18.jar:/home/lnv-244/.m2/repository/ch/qos/logback/logback-core/1.5.18/logback-core-1.5.18.jar:/home/lnv-244/.m2/repository/org/apache/logging/log4j/log4j-to-slf4j/2.24.3/log4j-to-slf4j-2.24.3.jar:/home/lnv-244/.m2/repository/org/apache/logging/log4j/log4j-api/2.24.3/log4j-api-2.24.3.jar:/home/lnv-244/.m2/repository/org/slf4j/jul-to-slf4j/2.0.17/jul-to-slf4j-2.0.17.jar:/home/lnv-244/.m2/repository/jakarta/annotation/jakarta.annotation-api/2.1.1/jakarta.annotation-api-2.1.1.jar:/home/lnv-244/.m2/repository/org/yaml/snakeyaml/2.4/snakeyaml-2.4.jar:/home/lnv-244/.m2/repository/org/springframework/boot/spring-boot-starter-json/3.5.3/spring-boot-starter-json-3.5.3.jar:/home/lnv-244/.m2/repository/com/fasterxml/jackson/datatype/jackson-datatype-jdk8/2.19.1/jackson-datatype-jdk8-2.19.1.jar:/home/lnv-244/.m2/repository/com/fasterxml/jackson/datatype/jackson-datatype-jsr310/2.19.1/jackson-datatype-jsr310-2.19.1.jar:/home/lnv-244/.m2/repository/com/fasterxml/jackson/module/jackson-module-parameter-names/2.19.1/jackson-module-parameter-names-2.19.1.jar:/home/lnv-244/.m2/repository/org/springframework/boot/spring-boot-starter-tomcat/3.5.3/spring-boot-starter-tomcat-3.5.3.jar:/home/lnv-244/.m2/repository/org/apache/tomcat/embed/tomcat-embed-core/10.1.42/tomcat-embed-core-10.1.42.jar:/home/lnv-244/.m2/repository/org/apache/tomcat/embed/tomcat-embed-websocket/10.1.42/tomcat-embed-websocket-10.1.42.jar:/home/lnv-244/.m2/repository/org/springframework/spring-web/6.2.8/spring-web-6.2.8.jar:/home/lnv-244/.m2/repository/org/springframework/spring-beans/6.2.8/spring-beans-6.2.8.jar:/home/lnv-244/.m2/repository/io/micrometer/micrometer-observation/1.15.1/micrometer-observation-1.15.1.jar:/home/lnv-244/.m2/repository/io/micrometer/micrometer-commons/1.15.1/micrometer-commons-1.15.1.jar:/home/lnv-244/.m2/repository/org/springframework/spring-webmvc/6.2.8/spring-webmvc-6.2.8.jar:/home/lnv-244/.m2/repository/org/springframework/spring-context/6.2.8/spring-context-6.2.8.jar:/home/lnv-244/.m2/repository/org/springframework/spring-expression/6.2.8/spring-expression-6.2.8.jar:/home/lnv-244/.m2/repository/org/springframework/boot/spring-boot-starter-data-jpa/3.5.3/spring-boot-starter-data-jpa-3.5.3.jar:/home/lnv-244/.m2/repository/org/springframework/boot/spring-boot-starter-jdbc/3.5.3/spring-boot-starter-jdbc-3.5.3.jar:/home/lnv-244/.m2/repository/com/zaxxer/HikariCP/6.3.0/HikariCP-6.3.0.jar:/home/lnv-244/.m2/repository/org/springframework/spring-jdbc/6.2.8/spring-jdbc-6.2.8.jar:/home/lnv-244/.m2/repository/org/hibernate/orm/hibernate-core/6.6.18.Final/hibernate-core-6.6.18.Final.jar:/home/lnv-244/.m2/repository/jakarta/persistence/jakarta.persistence-api/3.1.0/jakarta.persistence-api-3.1.0.jar:/home/lnv-244/.m2/repository/jakarta/transaction/jakarta.transaction-api/2.0.1/jakarta.transaction-api-2.0.1.jar:/home/lnv-244/.m2/repository/org/jboss/logging/jboss-logging/3.6.1.Final/jboss-logging-3.6.1.Final.jar:/home/lnv-244/.m2/repository/org/hibernate/common/hibernate-commons-annotations/7.0.3.Final/hibernate-commons-annotations-7.0.3.Final.jar:/home/lnv-244/.m2/repository/io/smallrye/jandex/3.2.0/jandex-3.2.0.jar:/home/lnv-244/.m2/repository/com/fasterxml/classmate/1.7.0/classmate-1.7.0.jar:/home/lnv-244/.m2/repository/net/bytebuddy/byte-buddy/1.17.6/byte-buddy-1.17.6.jar:/home/lnv-244/.m2/repository/org/glassfish/jaxb/jaxb-runtime/4.0.5/jaxb-runtime-4.0.5.jar:/home/lnv-244/.m2/repository/org/glassfish/jaxb/jaxb-core/4.0.5/jaxb-core-4.0.5.jar:/home/lnv-244/.m2/repository/org/glassfish/jaxb/txw2/4.0.5/txw2-4.0.5.jar:/home/lnv-244/.m2/repository/com/sun/istack/istack-commons-runtime/4.1.2/istack-commons-runtime-4.1.2.jar:/home/lnv-244/.m2/repository/jakarta/inject/jakarta.inject-api/2.0.1/jakarta.inject-api-2.0.1.jar:/home/lnv-244/.m2/repository/org/antlr/antlr4-runtime/4.13.0/antlr4-runtime-4.13.0.jar:/home/lnv-244/.m2/repository/org/springframework/data/spring-data-jpa/3.5.1/spring-data-jpa-3.5.1.jar:/home/lnv-244/.m2/repository/org/springframework/data/spring-data-commons/3.5.1/spring-data-commons-3.5.1.jar:/home/lnv-244/.m2/repository/org/springframework/spring-orm/6.2.8/spring-orm-6.2.8.jar:/home/lnv-244/.m2/repository/org/springframework/spring-tx/6.2.8/spring-tx-6.2.8.jar:/home/lnv-244/.m2/repository/org/slf4j/slf4j-api/2.0.17/slf4j-api-2.0.17.jar:/home/lnv-244/.m2/repository/org/springframework/spring-aspects/6.2.8/spring-aspects-6.2.8.jar:/home/lnv-244/.m2/repository/org/aspectj/aspectjweaver/1.9.24/aspectjweaver-1.9.24.jar:/home/lnv-244/.m2/repository/org/springframework/boot/spring-boot-starter-validation/3.5.3/spring-boot-starter-validation-3.5.3.jar:/home/lnv-244/.m2/repository/org/apache/tomcat/embed/tomcat-embed-el/10.1.42/tomcat-embed-el-10.1.42.jar:/home/lnv-244/.m2/repository/org/hibernate/validator/hibernate-validator/8.0.2.Final/hibernate-validator-8.0.2.Final.jar:/home/lnv-244/.m2/repository/jakarta/validation/jakarta.validation-api/3.0.2/jakarta.validation-api-3.0.2.jar:/home/lnv-244/.m2/repository/org/springframework/boot/spring-boot-devtools/3.5.3/spring-boot-devtools-3.5.3.jar:/home/lnv-244/.m2/repository/org/springframework/boot/spring-boot/3.5.3/spring-boot-3.5.3.jar:/home/lnv-244/.m2/repository/org/springframework/boot/spring-boot-autoconfigure/3.5.3/spring-boot-autoconfigure-3.5.3.jar:/home/lnv-244/.m2/repository/org/postgresql/postgresql/42.7.7/postgresql-42.7.7.jar:/home/lnv-244/.m2/repository/org/checkerframework/checker-qual/3.49.3/checker-qual-3.49.3.jar:/home/lnv-244/.m2/repository/com/h2database/h2/2.3.232/h2-2.3.232.jar:/home/lnv-244/.m2/repository/org/springdoc/springdoc-openapi-starter-webmvc-ui/2.2.0/springdoc-openapi-starter-webmvc-ui-2.2.0.jar:/home/lnv-244/.m2/repository/org/springdoc/springdoc-openapi-starter-webmvc-api/2.2.0/springdoc-openapi-starter-webmvc-api-2.2.0.jar:/home/lnv-244/.m2/repository/org/springdoc/springdoc-openapi-starter-common/2.2.0/springdoc-openapi-starter-common-2.2.0.jar:/home/lnv-244/.m2/repository/io/swagger/core/v3/swagger-core-jakarta/2.2.15/swagger-core-jakarta-2.2.15.jar:/home/lnv-244/.m2/repository/org/apache/commons/commons-lang3/3.17.0/commons-lang3-3.17.0.jar:/home/lnv-244/.m2/repository/io/swagger/core/v3/swagger-annotations-jakarta/2.2.15/swagger-annotations-jakarta-2.2.15.jar:/home/lnv-244/.m2/repository/io/swagger/core/v3/swagger-models-jakarta/2.2.15/swagger-models-jakarta-2.2.15.jar:/home/lnv-244/.m2/repository/com/fasterxml/jackson/dataformat/jackson-dataformat-yaml/2.19.1/jackson-dataformat-yaml-2.19.1.jar:/home/lnv-244/.m2/repository/org/webjars/swagger-ui/5.2.0/swagger-ui-5.2.0.jar:/home/lnv-244/.m2/repository/org/springframework/boot/spring-boot-starter-security/3.5.3/spring-boot-starter-security-3.5.3.jar:/home/lnv-244/.m2/repository/org/springframework/spring-aop/6.2.8/spring-aop-6.2.8.jar:/home/lnv-244/.m2/repository/org/springframework/security/spring-security-config/6.5.1/spring-security-config-6.5.1.jar:/home/lnv-244/.m2/repository/org/springframework/security/spring-security-core/6.5.1/spring-security-core-6.5.1.jar:/home/lnv-244/.m2/repository/org/springframework/security/spring-security-crypto/6.5.1/spring-security-crypto-6.5.1.jar:/home/lnv-244/.m2/repository/org/springframework/security/spring-security-web/6.5.1/spring-security-web-6.5.1.jar:/home/lnv-244/.m2/repository/org/mindrot/jbcrypt/0.4/jbcrypt-0.4.jar:/home/lnv-244/.m2/repository/io/jsonwebtoken/jjwt-api/0.12.3/jjwt-api-0.12.3.jar:/home/lnv-244/.m2/repository/io/jsonwebtoken/jjwt-impl/0.12.3/jjwt-impl-0.12.3.jar:/home/lnv-244/.m2/repository/io/jsonwebtoken/jjwt-jackson/0.12.3/jjwt-jackson-0.12.3.jar:/home/lnv-244/.m2/repository/com/fasterxml/jackson/core/jackson-databind/2.19.1/jackson-databind-2.19.1.jar:/home/lnv-244/.m2/repository/com/fasterxml/jackson/core/jackson-annotations/2.19.1/jackson-annotations-2.19.1.jar:/home/lnv-244/.m2/repository/com/fasterxml/jackson/core/jackson-core/2.19.1/jackson-core-2.19.1.jar:/home/lnv-244/.m2/repository/org/springframework/boot/spring-boot-starter-mail/3.5.3/spring-boot-starter-mail-3.5.3.jar:/home/lnv-244/.m2/repository/org/springframework/spring-context-support/6.2.8/spring-context-support-6.2.8.jar:/home/lnv-244/.m2/repository/org/eclipse/angus/jakarta.mail/2.0.3/jakarta.mail-2.0.3.jar:/home/lnv-244/.m2/repository/jakarta/activation/jakarta.activation-api/2.1.3/jakarta.activation-api-2.1.3.jar:/home/lnv-244/.m2/repository/org/eclipse/angus/angus-activation/2.0.2/angus-activation-2.0.2.jar:/home/lnv-244/.m2/repository/org/springframework/boot/spring-boot-starter-data-redis/3.5.3/spring-boot-starter-data-redis-3.5.3.jar:/home/lnv-244/.m2/repository/io/lettuce/lettuce-core/6.6.0.RELEASE/lettuce-core-6.6.0.RELEASE.jar:/home/lnv-244/.m2/repository/redis/clients/authentication/redis-authx-core/0.1.1-beta2/redis-authx-core-0.1.1-beta2.jar:/home/lnv-244/.m2/repository/io/netty/netty-common/4.1.122.Final/netty-common-4.1.122.Final.jar:/home/lnv-244/.m2/repository/io/netty/netty-handler/4.1.122.Final/netty-handler-4.1.122.Final.jar:/home/lnv-244/.m2/repository/io/netty/netty-resolver/4.1.122.Final/netty-resolver-4.1.122.Final.jar:/home/lnv-244/.m2/repository/io/netty/netty-buffer/4.1.122.Final/netty-buffer-4.1.122.Final.jar:/home/lnv-244/.m2/repository/io/netty/netty-transport-native-unix-common/4.1.122.Final/netty-transport-native-unix-common-4.1.122.Final.jar:/home/lnv-244/.m2/repository/io/netty/netty-codec/4.1.122.Final/netty-codec-4.1.122.Final.jar:/home/lnv-244/.m2/repository/io/netty/netty-transport/4.1.122.Final/netty-transport-4.1.122.Final.jar:/home/lnv-244/.m2/repository/io/projectreactor/reactor-core/3.7.7/reactor-core-3.7.7.jar:/home/lnv-244/.m2/repository/org/reactivestreams/reactive-streams/1.0.4/reactive-streams-1.0.4.jar:/home/lnv-244/.m2/repository/org/springframework/data/spring-data-redis/3.5.1/spring-data-redis-3.5.1.jar:/home/lnv-244/.m2/repository/org/springframework/data/spring-data-keyvalue/3.5.1/spring-data-keyvalue-3.5.1.jar:/home/lnv-244/.m2/repository/org/springframework/spring-oxm/6.2.8/spring-oxm-6.2.8.jar:/home/lnv-244/.m2/repository/it/ozimov/embedded-redis/0.7.3/embedded-redis-0.7.3.jar:/home/lnv-244/.m2/repository/com/google/guava/guava/21.0/guava-21.0.jar:/home/lnv-244/.m2/repository/commons-io/commons-io/2.5/commons-io-2.5.jar:/home/lnv-244/.m2/repository/org/slf4j/slf4j-simple/2.0.17/slf4j-simple-2.0.17.jar:/home/lnv-244/.m2/repository/commons-logging/commons-logging/1.2/commons-logging-1.2.jar:/home/lnv-244/.m2/repository/com/googlecode/libphonenumber/libphonenumber/8.13.32/libphonenumber-8.13.32.jar:/home/lnv-244/.m2/repository/org/projectlombok/lombok/1.18.38/lombok-1.18.38.jar:/home/lnv-244/.m2/repository/org/springframework/boot/spring-boot-starter-test/3.5.3/spring-boot-starter-test-3.5.3.jar:/home/lnv-244/.m2/repository/org/springframework/boot/spring-boot-test/3.5.3/spring-boot-test-3.5.3.jar:/home/lnv-244/.m2/repository/org/springframework/boot/spring-boot-test-autoconfigure/3.5.3/spring-boot-test-autoconfigure-3.5.3.jar:/home/lnv-244/.m2/repository/com/jayway/jsonpath/json-path/2.9.0/json-path-2.9.0.jar:/home/lnv-244/.m2/repository/jakarta/xml/bind/jakarta.xml.bind-api/4.0.2/jakarta.xml.bind-api-4.0.2.jar:/home/lnv-244/.m2/repository/net/minidev/json-smart/2.5.2/json-smart-2.5.2.jar:/home/lnv-244/.m2/repository/net/minidev/accessors-smart/2.5.2/accessors-smart-2.5.2.jar:/home/lnv-244/.m2/repository/org/ow2/asm/asm/9.7.1/asm-9.7.1.jar:/home/lnv-244/.m2/repository/org/assertj/assertj-core/3.27.3/assertj-core-3.27.3.jar:/home/lnv-244/.m2/repository/org/awaitility/awaitility/4.2.2/awaitility-4.2.2.jar:/home/lnv-244/.m2/repository/org/hamcrest/hamcrest/3.0/hamcrest-3.0.jar:/home/lnv-244/.m2/repository/org/junit/jupiter/junit-jupiter/5.12.2/junit-jupiter-5.12.2.jar:/home/lnv-244/.m2/repository/org/junit/jupiter/junit-jupiter-api/5.12.2/junit-jupiter-api-5.12.2.jar:/home/lnv-244/.m2/repository/org/opentest4j/opentest4j/1.3.0/opentest4j-1.3.0.jar:/home/lnv-244/.m2/repository/org/junit/platform/junit-platform-commons/1.12.2/junit-platform-commons-1.12.2.jar:/home/lnv-244/.m2/repository/org/apiguardian/apiguardian-api/1.1.2/apiguardian-api-1.1.2.jar:/home/lnv-244/.m2/repository/org/junit/jupiter/junit-jupiter-params/5.12.2/junit-jupiter-params-5.12.2.jar:/home/lnv-244/.m2/repository/org/junit/jupiter/junit-jupiter-engine/5.12.2/junit-jupiter-engine-5.12.2.jar:/home/lnv-244/.m2/repository/org/junit/platform/junit-platform-engine/1.12.2/junit-platform-engine-1.12.2.jar:/home/lnv-244/.m2/repository/org/mockito/mockito-core/5.17.0/mockito-core-5.17.0.jar:/home/lnv-244/.m2/repository/net/bytebuddy/byte-buddy-agent/1.17.6/byte-buddy-agent-1.17.6.jar:/home/lnv-244/.m2/repository/org/objenesis/objenesis/3.3/objenesis-3.3.jar:/home/lnv-244/.m2/repository/org/mockito/mockito-junit-jupiter/5.17.0/mockito-junit-jupiter-5.17.0.jar:/home/lnv-244/.m2/repository/org/skyscreamer/jsonassert/1.5.3/jsonassert-1.5.3.jar:/home/lnv-244/.m2/repository/com/vaadin/external/google/android-json/0.0.20131108.vaadin1/android-json-0.0.20131108.vaadin1.jar:/home/lnv-244/.m2/repository/org/springframework/spring-core/6.2.8/spring-core-6.2.8.jar:/home/lnv-244/.m2/repository/org/springframework/spring-jcl/6.2.8/spring-jcl-6.2.8.jar:/home/lnv-244/.m2/repository/org/springframework/spring-test/6.2.8/spring-test-6.2.8.jar:/home/lnv-244/.m2/repository/org/xmlunit/xmlunit-core/2.10.2/xmlunit-core-2.10.2.jar:"/>
    <property name="sun.cpu.endian" value="little"/>
    <property name="user.home" value="/home/lnv-244"/>
    <property name="user.language" value="en"/>
    <property name="java.specification.vendor" value="Oracle Corporation"/>
    <property name="java.version.date" value="2024-10-15"/>
    <property name="java.home" value="/usr/lib/jvm/java-17-openjdk-amd64"/>
    <property name="file.separator" value="/"/>
    <property name="basedir" value="/home/lnv-244/CodeBase/session/java-ai-suit-9"/>
    <property name="java.vm.compressedOopsMode" value="Zero based"/>
    <property name="line.separator" value="&#10;"/>
    <property name="java.vm.specification.vendor" value="Oracle Corporation"/>
    <property name="java.specification.name" value="Java Platform API Specification"/>
    <property name="FILE_LOG_CHARSET" value="UTF-8"/>
    <property name="java.awt.headless" value="true"/>
    <property name="surefire.real.class.path" value="/home/lnv-244/CodeBase/session/java-ai-suit-9/target/surefire/surefirebooter-20250724180256481_3.jar"/>
    <property name="sun.management.compiler" value="HotSpot 64-Bit Tiered Compilers"/>
    <property name="java.runtime.version" value="17.0.13+11-Ubuntu-2ubuntu120.04"/>
    <property name="user.name" value="lnv-244"/>
    <property name="path.separator" value=":"/>
    <property name="os.version" value="5.15.0-130-generic"/>
    <property name="java.runtime.name" value="OpenJDK Runtime Environment"/>
    <property name="file.encoding" value="UTF-8"/>
    <property name="java.vm.name" value="OpenJDK 64-Bit Server VM"/>
    <property name="localRepository" value="/home/lnv-244/.m2/repository"/>
    <property name="java.vendor.url.bug" value="https://bugs.launchpad.net/ubuntu/+source/openjdk-17"/>
    <property name="java.io.tmpdir" value="/tmp"/>
    <property name="com.zaxxer.hikari.pool_number" value="2"/>
    <property name="java.version" value="17.0.13"/>
    <property name="user.dir" value="/home/lnv-244/CodeBase/session/java-ai-suit-9"/>
    <property name="os.arch" value="amd64"/>
    <property name="java.vm.specification.name" value="Java Virtual Machine Specification"/>
    <property name="PID" value="607263"/>
    <property name="CONSOLE_LOG_CHARSET" value="UTF-8"/>
    <property name="native.encoding" value="UTF-8"/>
    <property name="java.library.path" value="/tmp/.mount_CursorirBGGA/usr/lib/:/tmp/.mount_CursorirBGGA/usr/lib32/:/tmp/.mount_CursorirBGGA/usr/lib64/:/tmp/.mount_CursorirBGGA/lib/:/tmp/.mount_CursorirBGGA/lib/i386-linux-gnu/:/tmp/.mount_CursorirBGGA/lib/x86_64-linux-gnu/:/tmp/.mount_CursorirBGGA/lib/aarch64-linux-gnu/:/tmp/.mount_CursorirBGGA/lib32/:/tmp/.mount_CursorirBGGA/lib64/::/usr/java/packages/lib:/usr/lib/x86_64-linux-gnu/jni:/lib/x86_64-linux-gnu:/usr/lib/x86_64-linux-gnu:/usr/lib/jni:/lib:/usr/lib"/>
    <property name="java.vm.info" value="mixed mode, sharing"/>
    <property name="java.vendor" value="Ubuntu"/>
    <property name="java.vm.version" value="17.0.13+11-Ubuntu-2ubuntu120.04"/>
    <property name="java.specification.maintenance.version" value="1"/>
    <property name="sun.io.unicode.encoding" value="UnicodeLittle"/>
    <property name="java.class.version" value="61.0"/>
    <property name="LOGGED_APPLICATION_NAME" value="[session-demo] "/>
  </properties>
  <testcase name="registerProvider_InvalidEmail_ReturnsUnprocessableEntity" classname="com.example.session_demo.controller.ProviderControllerIntegrationTest" time="0.527">
    <system-out><![CDATA[2025-07-24T18:03:06.177+05:30  INFO 607263 --- [session-demo] [           main] t.c.s.AnnotationConfigContextLoaderUtils : Could not detect default configuration classes for test class [com.example.session_demo.controller.ProviderControllerIntegrationTest]: ProviderControllerIntegrationTest does not declare any static, non-private, non-final, nested classes annotated with @Configuration.
2025-07-24T18:03:06.204+05:30  INFO 607263 --- [session-demo] [           main] .b.t.c.SpringBootTestContextBootstrapper : Found @SpringBootConfiguration com.example.session_demo.SessionDemoApplication for test class com.example.session_demo.controller.ProviderControllerIntegrationTest
2025-07-24T18:03:06.208+05:30  INFO 607263 --- [session-demo] [           main] o.s.b.d.r.RestartApplicationListener     : Restart disabled due to context in which it is running
2025-07-24T18:03:06.232+05:30 DEBUG 607263 --- [session-demo] [   scheduling-1] org.hibernate.SQL                        : 
    select
        rt1_0.id,
        rt1_0.created_at,
        rt1_0.device_info,
        rt1_0.expires_at,
        rt1_0.ip_address,
        rt1_0.is_revoked,
        rt1_0.last_used_at,
        rt1_0.provider_id,
        rt1_0.token_hash,
        rt1_0.user_agent 
    from
        refresh_tokens rt1_0 
    where
        rt1_0.expires_at<?
Hibernate: 
    select
        rt1_0.id,
        rt1_0.created_at,
        rt1_0.device_info,
        rt1_0.expires_at,
        rt1_0.ip_address,
        rt1_0.is_revoked,
        rt1_0.last_used_at,
        rt1_0.provider_id,
        rt1_0.token_hash,
        rt1_0.user_agent 
    from
        refresh_tokens rt1_0 
    where
        rt1_0.expires_at<?

  .   ____          _            __ _ _
 /\\ / ___'_ __ _ _(_)_ __  __ _ \ \ \ \
( ( )\___ | '_ | '_| | '_ \/ _` | \ \ \ \
 \\/  ___)| |_)| | | | | || (_| |  ) ) ) )
  '  |____| .__|_| |_|_| |_\__, | / / / /
 =========|_|==============|___/=/_/_/_/

 :: Spring Boot ::                (v3.5.3)

2025-07-24T18:03:06.245+05:30  INFO 607263 --- [session-demo] [           main] .e.s.c.ProviderControllerIntegrationTest : Starting ProviderControllerIntegrationTest using Java 17.0.13 with PID 607263 (started by lnv-244 in /home/lnv-244/CodeBase/session/java-ai-suit-9)
2025-07-24T18:03:06.246+05:30  INFO 607263 --- [session-demo] [           main] .e.s.c.ProviderControllerIntegrationTest : The following 1 profile is active: "test"
Hibernate: 
    delete 
    from
        refresh_tokens rt1_0 
    where
        rt1_0.expires_at<?
2025-07-24T18:03:06.269+05:30  INFO 607263 --- [session-demo] [   scheduling-1] c.e.s.service.SessionCleanupService      : Cleanup completed. Deleted 0 expired refresh tokens
2025-07-24T18:03:06.406+05:30  INFO 607263 --- [session-demo] [           main] .s.d.r.c.RepositoryConfigurationDelegate : Multiple Spring Data modules found, entering strict repository configuration mode
2025-07-24T18:03:06.407+05:30  INFO 607263 --- [session-demo] [           main] .s.d.r.c.RepositoryConfigurationDelegate : Bootstrapping Spring Data JPA repositories in DEFAULT mode.
2025-07-24T18:03:06.415+05:30  INFO 607263 --- [session-demo] [           main] .s.d.r.c.RepositoryConfigurationDelegate : Finished Spring Data repository scanning in 8 ms. Found 3 JPA repository interfaces.
2025-07-24T18:03:06.418+05:30  INFO 607263 --- [session-demo] [           main] .s.d.r.c.RepositoryConfigurationDelegate : Multiple Spring Data modules found, entering strict repository configuration mode
2025-07-24T18:03:06.419+05:30  INFO 607263 --- [session-demo] [           main] .s.d.r.c.RepositoryConfigurationDelegate : Bootstrapping Spring Data Redis repositories in DEFAULT mode.
2025-07-24T18:03:06.421+05:30  INFO 607263 --- [session-demo] [           main] .RepositoryConfigurationExtensionSupport : Spring Data Redis - Could not safely identify store assignment for repository candidate interface com.example.session_demo.repository.LoginAttemptRepository; If you want this repository to be a Redis repository, consider annotating your entities with one of these annotations: org.springframework.data.redis.core.RedisHash (preferred), or consider extending one of the following types with your repository: org.springframework.data.keyvalue.repository.KeyValueRepository
2025-07-24T18:03:06.421+05:30  INFO 607263 --- [session-demo] [           main] .RepositoryConfigurationExtensionSupport : Spring Data Redis - Could not safely identify store assignment for repository candidate interface com.example.session_demo.repository.ProviderRepository; If you want this repository to be a Redis repository, consider annotating your entities with one of these annotations: org.springframework.data.redis.core.RedisHash (preferred), or consider extending one of the following types with your repository: org.springframework.data.keyvalue.repository.KeyValueRepository
2025-07-24T18:03:06.422+05:30  INFO 607263 --- [session-demo] [           main] .RepositoryConfigurationExtensionSupport : Spring Data Redis - Could not safely identify store assignment for repository candidate interface com.example.session_demo.repository.RefreshTokenRepository; If you want this repository to be a Redis repository, consider annotating your entities with one of these annotations: org.springframework.data.redis.core.RedisHash (preferred), or consider extending one of the following types with your repository: org.springframework.data.keyvalue.repository.KeyValueRepository
2025-07-24T18:03:06.422+05:30  INFO 607263 --- [session-demo] [           main] .s.d.r.c.RepositoryConfigurationDelegate : Finished Spring Data repository scanning in 2 ms. Found 0 Redis repository interfaces.
2025-07-24T18:03:06.512+05:30  INFO 607263 --- [session-demo] [           main] o.hibernate.jpa.internal.util.LogHelper  : HHH000204: Processing PersistenceUnitInfo [name: default]
2025-07-24T18:03:06.514+05:30  INFO 607263 --- [session-demo] [           main] o.h.c.internal.RegionFactoryInitiator    : HHH000026: Second-level cache disabled
2025-07-24T18:03:06.520+05:30  INFO 607263 --- [session-demo] [           main] o.s.o.j.p.SpringPersistenceUnitInfo      : No LoadTimeWeaver setup: ignoring JPA class transformer
2025-07-24T18:03:06.521+05:30  INFO 607263 --- [session-demo] [           main] com.zaxxer.hikari.HikariDataSource       : HikariPool-2 - Starting...
2025-07-24T18:03:06.693+05:30  INFO 607263 --- [session-demo] [           main] com.zaxxer.hikari.pool.HikariPool        : HikariPool-2 - Added connection conn0: url=jdbc:h2:mem:testdb user=SA
2025-07-24T18:03:06.695+05:30  INFO 607263 --- [session-demo] [           main] com.zaxxer.hikari.HikariDataSource       : HikariPool-2 - Start completed.
2025-07-24T18:03:06.700+05:30  WARN 607263 --- [session-demo] [           main] org.hibernate.orm.deprecation            : HHH90000025: H2Dialect does not need to be specified explicitly using 'hibernate.dialect' (remove the property setting and it will be selected by default)
2025-07-24T18:03:06.704+05:30  INFO 607263 --- [session-demo] [           main] org.hibernate.orm.connections.pooling    : HHH10001005: Database info:
	Database JDBC URL [Connecting through datasource 'HikariDataSource (HikariPool-2)']
	Database driver: undefined/unknown
	Database version: 2.3.232
	Autocommit mode: undefined/unknown
	Isolation level: undefined/unknown
	Minimum pool size: undefined/unknown
	Maximum pool size: undefined/unknown
2025-07-24T18:03:06.783+05:30  INFO 607263 --- [session-demo] [           main] o.h.e.t.j.p.i.JtaPlatformInitiator       : HHH000489: No JTA platform available (set 'hibernate.transaction.jta.platform' to enable JTA platform integration)
2025-07-24T18:03:06.827+05:30  INFO 607263 --- [session-demo] [           main] j.LocalContainerEntityManagerFactoryBean : Initialized JPA EntityManagerFactory for persistence unit 'default'
2025-07-24T18:03:06.951+05:30  WARN 607263 --- [session-demo] [           main] JpaBaseConfiguration$JpaWebConfiguration : spring.jpa.open-in-view is enabled by default. Therefore, database queries may be performed during view rendering. Explicitly configure spring.jpa.open-in-view to disable this warning
2025-07-24T18:03:07.037+05:30  WARN 607263 --- [session-demo] [           main] .s.s.UserDetailsServiceAutoConfiguration : 

Using generated security password: 54f7ca26-724b-4dc9-95d5-12bf211bb021

This generated password is for development use only. Your security configuration must be updated before running your application in production.

2025-07-24T18:03:07.038+05:30  INFO 607263 --- [session-demo] [           main] r$InitializeUserDetailsManagerConfigurer : Global AuthenticationManager configured with UserDetailsService bean with name inMemoryUserDetailsManager
2025-07-24T18:03:07.223+05:30  INFO 607263 --- [session-demo] [           main] .e.s.c.ProviderControllerIntegrationTest : Started ProviderControllerIntegrationTest in 1.016 seconds (process running for 10.676)
2025-07-24T18:03:07.223+05:30  INFO 607263 --- [session-demo] [   scheduling-1] c.e.s.service.SessionCleanupService      : Starting cleanup of expired refresh tokens
2025-07-24T18:03:07.238+05:30  INFO 607263 --- [session-demo] [           main] o.s.b.t.m.w.SpringBootMockServletContext : Initializing Spring TestDispatcherServlet ''
2025-07-24T18:03:07.239+05:30  INFO 607263 --- [session-demo] [           main] o.s.t.web.servlet.TestDispatcherServlet  : Initializing Servlet ''
2025-07-24T18:03:07.240+05:30  INFO 607263 --- [session-demo] [           main] o.s.t.web.servlet.TestDispatcherServlet  : Completed initialization in 1 ms
2025-07-24T18:03:07.246+05:30  INFO 607263 --- [session-demo] [   scheduling-1] c.e.s.service.SessionCleanupService      : Cleanup completed. Deleted 0 expired refresh tokens
2025-07-24T18:03:07.380+05:30  INFO 607263 --- [session-demo] [           main] c.e.s.controller.ProviderController      : Provider registration attempt from IP: 127.0.0.1
2025-07-24T18:03:07.690+05:30 ERROR 607263 --- [session-demo] [           main] c.e.s.service.RateLimitingService        : Error checking rate limit for IP 127.0.0.1: Unable to connect to Redis
2025-07-24T18:03:07.695+05:30 ERROR 607263 --- [session-demo] [           main] c.e.s.service.RateLimitingService        : Error incrementing request count for IP 127.0.0.1: Unable to connect to Redis
]]></system-out>
  </testcase>
  <testcase name="registerProvider_MissingRequiredField_ReturnsUnprocessableEntity" classname="com.example.session_demo.controller.ProviderControllerIntegrationTest" time="0.034">
    <system-out><![CDATA[2025-07-24T18:03:07.756+05:30  INFO 607263 --- [session-demo] [           main] o.s.b.t.m.w.SpringBootMockServletContext : Initializing Spring TestDispatcherServlet ''
2025-07-24T18:03:07.756+05:30  INFO 607263 --- [session-demo] [           main] o.s.t.web.servlet.TestDispatcherServlet  : Initializing Servlet ''
2025-07-24T18:03:07.757+05:30  INFO 607263 --- [session-demo] [           main] o.s.t.web.servlet.TestDispatcherServlet  : Completed initialization in 1 ms
2025-07-24T18:03:07.772+05:30  INFO 607263 --- [session-demo] [           main] c.e.s.controller.ProviderController      : Provider registration attempt from IP: 127.0.0.1
2025-07-24T18:03:07.776+05:30 ERROR 607263 --- [session-demo] [           main] c.e.s.service.RateLimitingService        : Error checking rate limit for IP 127.0.0.1: Unable to connect to Redis
2025-07-24T18:03:07.781+05:30 ERROR 607263 --- [session-demo] [           main] c.e.s.service.RateLimitingService        : Error incrementing request count for IP 127.0.0.1: Unable to connect to Redis
]]></system-out>
  </testcase>
  <testcase name="registerProvider_ValidData_ReturnsCreated" classname="com.example.session_demo.controller.ProviderControllerIntegrationTest" time="0.047">
    <failure message="Status expected:&lt;201&gt; but was:&lt;422&gt;" type="java.lang.AssertionError"><![CDATA[java.lang.AssertionError: Status expected:<201> but was:<422>
	at org.springframework.test.util.AssertionErrors.fail(AssertionErrors.java:61)
	at org.springframework.test.util.AssertionErrors.assertEquals(AssertionErrors.java:128)
	at org.springframework.test.web.servlet.result.StatusResultMatchers.lambda$matcher$9(StatusResultMatchers.java:640)
	at org.springframework.test.web.servlet.MockMvc$1.andExpect(MockMvc.java:214)
	at com.example.session_demo.controller.ProviderControllerIntegrationTest.registerProvider_ValidData_ReturnsCreated(ProviderControllerIntegrationTest.java:61)
	at java.base/java.lang.reflect.Method.invoke(Method.java:569)
	at java.base/java.util.ArrayList.forEach(ArrayList.java:1511)
	at java.base/java.util.ArrayList.forEach(ArrayList.java:1511)
]]></failure>
    <system-out><![CDATA[2025-07-24T18:03:07.792+05:30  INFO 607263 --- [session-demo] [           main] o.s.b.t.m.w.SpringBootMockServletContext : Initializing Spring TestDispatcherServlet ''
2025-07-24T18:03:07.792+05:30  INFO 607263 --- [session-demo] [           main] o.s.t.web.servlet.TestDispatcherServlet  : Initializing Servlet ''
2025-07-24T18:03:07.793+05:30  INFO 607263 --- [session-demo] [           main] o.s.t.web.servlet.TestDispatcherServlet  : Completed initialization in 1 ms
2025-07-24T18:03:07.796+05:30  INFO 607263 --- [session-demo] [           main] c.e.s.controller.ProviderController      : Provider registration attempt from IP: 127.0.0.1
2025-07-24T18:03:07.801+05:30 ERROR 607263 --- [session-demo] [           main] c.e.s.service.RateLimitingService        : Error checking rate limit for IP 127.0.0.1: Unable to connect to Redis
2025-07-24T18:03:07.805+05:30 ERROR 607263 --- [session-demo] [           main] c.e.s.service.RateLimitingService        : Error incrementing request count for IP 127.0.0.1: Unable to connect to Redis
2025-07-24T18:03:07.805+05:30  INFO 607263 --- [session-demo] [           main] c.e.s.service.ProviderService            : Starting provider registration for email: jane.smith@clinic.com
2025-07-24T18:03:07.825+05:30  WARN 607263 --- [session-demo] [           main] c.e.s.controller.ProviderController      : Validation error during provider registration: Validation failed
]]></system-out>
  </testcase>
</testsuite>