<?xml version="1.0" encoding="UTF-8"?>
<testsuite xmlns:xsi="http://www.w3.org/2001/XMLSchema-instance" xsi:noNamespaceSchemaLocation="https://maven.apache.org/surefire/maven-surefire-plugin/xsd/surefire-test-report.xsd" version="3.0.2" name="com.example.session_demo.SessionDemoApplicationTests" time="6.27" tests="1" errors="0" skipped="0" failures="0">
  <properties>
    <property name="java.specification.version" value="17"/>
    <property name="sun.jnu.encoding" value="UTF-8"/>
    <property name="java.class.path" value="/home/lnv-244/CodeBase/session/java-ai-suit-9/target/test-classes:/home/lnv-244/CodeBase/session/java-ai-suit-9/target/classes:/home/lnv-244/.m2/repository/org/springframework/boot/spring-boot-starter-web/3.5.3/spring-boot-starter-web-3.5.3.jar:/home/lnv-244/.m2/repository/org/springframework/boot/spring-boot-starter/3.5.3/spring-boot-starter-3.5.3.jar:/home/lnv-244/.m2/repository/org/springframework/boot/spring-boot-starter-logging/3.5.3/spring-boot-starter-logging-3.5.3.jar:/home/lnv-244/.m2/repository/ch/qos/logback/logback-classic/1.5.18/logback-classic-1.5.18.jar:/home/lnv-244/.m2/repository/ch/qos/logback/logback-core/1.5.18/logback-core-1.5.18.jar:/home/lnv-244/.m2/repository/org/apache/logging/log4j/log4j-to-slf4j/2.24.3/log4j-to-slf4j-2.24.3.jar:/home/lnv-244/.m2/repository/org/apache/logging/log4j/log4j-api/2.24.3/log4j-api-2.24.3.jar:/home/lnv-244/.m2/repository/org/slf4j/jul-to-slf4j/2.0.17/jul-to-slf4j-2.0.17.jar:/home/lnv-244/.m2/repository/jakarta/annotation/jakarta.annotation-api/2.1.1/jakarta.annotation-api-2.1.1.jar:/home/lnv-244/.m2/repository/org/yaml/snakeyaml/2.4/snakeyaml-2.4.jar:/home/lnv-244/.m2/repository/org/springframework/boot/spring-boot-starter-json/3.5.3/spring-boot-starter-json-3.5.3.jar:/home/lnv-244/.m2/repository/com/fasterxml/jackson/datatype/jackson-datatype-jdk8/2.19.1/jackson-datatype-jdk8-2.19.1.jar:/home/lnv-244/.m2/repository/com/fasterxml/jackson/datatype/jackson-datatype-jsr310/2.19.1/jackson-datatype-jsr310-2.19.1.jar:/home/lnv-244/.m2/repository/com/fasterxml/jackson/module/jackson-module-parameter-names/2.19.1/jackson-module-parameter-names-2.19.1.jar:/home/lnv-244/.m2/repository/org/springframework/boot/spring-boot-starter-tomcat/3.5.3/spring-boot-starter-tomcat-3.5.3.jar:/home/lnv-244/.m2/repository/org/apache/tomcat/embed/tomcat-embed-core/10.1.42/tomcat-embed-core-10.1.42.jar:/home/lnv-244/.m2/repository/org/apache/tomcat/embed/tomcat-embed-websocket/10.1.42/tomcat-embed-websocket-10.1.42.jar:/home/lnv-244/.m2/repository/org/springframework/spring-web/6.2.8/spring-web-6.2.8.jar:/home/lnv-244/.m2/repository/org/springframework/spring-beans/6.2.8/spring-beans-6.2.8.jar:/home/lnv-244/.m2/repository/io/micrometer/micrometer-observation/1.15.1/micrometer-observation-1.15.1.jar:/home/lnv-244/.m2/repository/io/micrometer/micrometer-commons/1.15.1/micrometer-commons-1.15.1.jar:/home/lnv-244/.m2/repository/org/springframework/spring-webmvc/6.2.8/spring-webmvc-6.2.8.jar:/home/lnv-244/.m2/repository/org/springframework/spring-context/6.2.8/spring-context-6.2.8.jar:/home/lnv-244/.m2/repository/org/springframework/spring-expression/6.2.8/spring-expression-6.2.8.jar:/home/lnv-244/.m2/repository/org/springframework/boot/spring-boot-starter-data-jpa/3.5.3/spring-boot-starter-data-jpa-3.5.3.jar:/home/lnv-244/.m2/repository/org/springframework/boot/spring-boot-starter-jdbc/3.5.3/spring-boot-starter-jdbc-3.5.3.jar:/home/lnv-244/.m2/repository/com/zaxxer/HikariCP/6.3.0/HikariCP-6.3.0.jar:/home/lnv-244/.m2/repository/org/springframework/spring-jdbc/6.2.8/spring-jdbc-6.2.8.jar:/home/lnv-244/.m2/repository/org/hibernate/orm/hibernate-core/6.6.18.Final/hibernate-core-6.6.18.Final.jar:/home/lnv-244/.m2/repository/jakarta/persistence/jakarta.persistence-api/3.1.0/jakarta.persistence-api-3.1.0.jar:/home/lnv-244/.m2/repository/jakarta/transaction/jakarta.transaction-api/2.0.1/jakarta.transaction-api-2.0.1.jar:/home/lnv-244/.m2/repository/org/jboss/logging/jboss-logging/3.6.1.Final/jboss-logging-3.6.1.Final.jar:/home/lnv-244/.m2/repository/org/hibernate/common/hibernate-commons-annotations/7.0.3.Final/hibernate-commons-annotations-7.0.3.Final.jar:/home/lnv-244/.m2/repository/io/smallrye/jandex/3.2.0/jandex-3.2.0.jar:/home/lnv-244/.m2/repository/com/fasterxml/classmate/1.7.0/classmate-1.7.0.jar:/home/lnv-244/.m2/repository/net/bytebuddy/byte-buddy/1.17.6/byte-buddy-1.17.6.jar:/home/lnv-244/.m2/repository/org/glassfish/jaxb/jaxb-runtime/4.0.5/jaxb-runtime-4.0.5.jar:/home/lnv-244/.m2/repository/org/glassfish/jaxb/jaxb-core/4.0.5/jaxb-core-4.0.5.jar:/home/lnv-244/.m2/repository/org/glassfish/jaxb/txw2/4.0.5/txw2-4.0.5.jar:/home/lnv-244/.m2/repository/com/sun/istack/istack-commons-runtime/4.1.2/istack-commons-runtime-4.1.2.jar:/home/lnv-244/.m2/repository/jakarta/inject/jakarta.inject-api/2.0.1/jakarta.inject-api-2.0.1.jar:/home/lnv-244/.m2/repository/org/antlr/antlr4-runtime/4.13.0/antlr4-runtime-4.13.0.jar:/home/lnv-244/.m2/repository/org/springframework/data/spring-data-jpa/3.5.1/spring-data-jpa-3.5.1.jar:/home/lnv-244/.m2/repository/org/springframework/data/spring-data-commons/3.5.1/spring-data-commons-3.5.1.jar:/home/lnv-244/.m2/repository/org/springframework/spring-orm/6.2.8/spring-orm-6.2.8.jar:/home/lnv-244/.m2/repository/org/springframework/spring-tx/6.2.8/spring-tx-6.2.8.jar:/home/lnv-244/.m2/repository/org/slf4j/slf4j-api/2.0.17/slf4j-api-2.0.17.jar:/home/lnv-244/.m2/repository/org/springframework/spring-aspects/6.2.8/spring-aspects-6.2.8.jar:/home/lnv-244/.m2/repository/org/aspectj/aspectjweaver/1.9.24/aspectjweaver-1.9.24.jar:/home/lnv-244/.m2/repository/org/springframework/boot/spring-boot-starter-validation/3.5.3/spring-boot-starter-validation-3.5.3.jar:/home/lnv-244/.m2/repository/org/apache/tomcat/embed/tomcat-embed-el/10.1.42/tomcat-embed-el-10.1.42.jar:/home/lnv-244/.m2/repository/org/hibernate/validator/hibernate-validator/8.0.2.Final/hibernate-validator-8.0.2.Final.jar:/home/lnv-244/.m2/repository/jakarta/validation/jakarta.validation-api/3.0.2/jakarta.validation-api-3.0.2.jar:/home/lnv-244/.m2/repository/org/springframework/boot/spring-boot-devtools/3.5.3/spring-boot-devtools-3.5.3.jar:/home/lnv-244/.m2/repository/org/springframework/boot/spring-boot/3.5.3/spring-boot-3.5.3.jar:/home/lnv-244/.m2/repository/org/springframework/boot/spring-boot-autoconfigure/3.5.3/spring-boot-autoconfigure-3.5.3.jar:/home/lnv-244/.m2/repository/org/postgresql/postgresql/42.7.7/postgresql-42.7.7.jar:/home/lnv-244/.m2/repository/org/checkerframework/checker-qual/3.49.3/checker-qual-3.49.3.jar:/home/lnv-244/.m2/repository/com/h2database/h2/2.3.232/h2-2.3.232.jar:/home/lnv-244/.m2/repository/org/springdoc/springdoc-openapi-starter-webmvc-ui/2.2.0/springdoc-openapi-starter-webmvc-ui-2.2.0.jar:/home/lnv-244/.m2/repository/org/springdoc/springdoc-openapi-starter-webmvc-api/2.2.0/springdoc-openapi-starter-webmvc-api-2.2.0.jar:/home/lnv-244/.m2/repository/org/springdoc/springdoc-openapi-starter-common/2.2.0/springdoc-openapi-starter-common-2.2.0.jar:/home/lnv-244/.m2/repository/io/swagger/core/v3/swagger-core-jakarta/2.2.15/swagger-core-jakarta-2.2.15.jar:/home/lnv-244/.m2/repository/org/apache/commons/commons-lang3/3.17.0/commons-lang3-3.17.0.jar:/home/lnv-244/.m2/repository/io/swagger/core/v3/swagger-annotations-jakarta/2.2.15/swagger-annotations-jakarta-2.2.15.jar:/home/lnv-244/.m2/repository/io/swagger/core/v3/swagger-models-jakarta/2.2.15/swagger-models-jakarta-2.2.15.jar:/home/lnv-244/.m2/repository/com/fasterxml/jackson/dataformat/jackson-dataformat-yaml/2.19.1/jackson-dataformat-yaml-2.19.1.jar:/home/lnv-244/.m2/repository/org/webjars/swagger-ui/5.2.0/swagger-ui-5.2.0.jar:/home/lnv-244/.m2/repository/org/springframework/boot/spring-boot-starter-security/3.5.3/spring-boot-starter-security-3.5.3.jar:/home/lnv-244/.m2/repository/org/springframework/spring-aop/6.2.8/spring-aop-6.2.8.jar:/home/lnv-244/.m2/repository/org/springframework/security/spring-security-config/6.5.1/spring-security-config-6.5.1.jar:/home/lnv-244/.m2/repository/org/springframework/security/spring-security-core/6.5.1/spring-security-core-6.5.1.jar:/home/lnv-244/.m2/repository/org/springframework/security/spring-security-crypto/6.5.1/spring-security-crypto-6.5.1.jar:/home/lnv-244/.m2/repository/org/springframework/security/spring-security-web/6.5.1/spring-security-web-6.5.1.jar:/home/lnv-244/.m2/repository/org/mindrot/jbcrypt/0.4/jbcrypt-0.4.jar:/home/lnv-244/.m2/repository/io/jsonwebtoken/jjwt-api/0.12.3/jjwt-api-0.12.3.jar:/home/lnv-244/.m2/repository/io/jsonwebtoken/jjwt-impl/0.12.3/jjwt-impl-0.12.3.jar:/home/lnv-244/.m2/repository/io/jsonwebtoken/jjwt-jackson/0.12.3/jjwt-jackson-0.12.3.jar:/home/lnv-244/.m2/repository/com/fasterxml/jackson/core/jackson-databind/2.19.1/jackson-databind-2.19.1.jar:/home/lnv-244/.m2/repository/com/fasterxml/jackson/core/jackson-annotations/2.19.1/jackson-annotations-2.19.1.jar:/home/lnv-244/.m2/repository/com/fasterxml/jackson/core/jackson-core/2.19.1/jackson-core-2.19.1.jar:/home/lnv-244/.m2/repository/org/springframework/boot/spring-boot-starter-mail/3.5.3/spring-boot-starter-mail-3.5.3.jar:/home/lnv-244/.m2/repository/org/springframework/spring-context-support/6.2.8/spring-context-support-6.2.8.jar:/home/lnv-244/.m2/repository/org/eclipse/angus/jakarta.mail/2.0.3/jakarta.mail-2.0.3.jar:/home/lnv-244/.m2/repository/jakarta/activation/jakarta.activation-api/2.1.3/jakarta.activation-api-2.1.3.jar:/home/lnv-244/.m2/repository/org/eclipse/angus/angus-activation/2.0.2/angus-activation-2.0.2.jar:/home/lnv-244/.m2/repository/org/springframework/boot/spring-boot-starter-data-redis/3.5.3/spring-boot-starter-data-redis-3.5.3.jar:/home/lnv-244/.m2/repository/io/lettuce/lettuce-core/6.6.0.RELEASE/lettuce-core-6.6.0.RELEASE.jar:/home/lnv-244/.m2/repository/redis/clients/authentication/redis-authx-core/0.1.1-beta2/redis-authx-core-0.1.1-beta2.jar:/home/lnv-244/.m2/repository/io/netty/netty-common/4.1.122.Final/netty-common-4.1.122.Final.jar:/home/lnv-244/.m2/repository/io/netty/netty-handler/4.1.122.Final/netty-handler-4.1.122.Final.jar:/home/lnv-244/.m2/repository/io/netty/netty-resolver/4.1.122.Final/netty-resolver-4.1.122.Final.jar:/home/lnv-244/.m2/repository/io/netty/netty-buffer/4.1.122.Final/netty-buffer-4.1.122.Final.jar:/home/lnv-244/.m2/repository/io/netty/netty-transport-native-unix-common/4.1.122.Final/netty-transport-native-unix-common-4.1.122.Final.jar:/home/lnv-244/.m2/repository/io/netty/netty-codec/4.1.122.Final/netty-codec-4.1.122.Final.jar:/home/lnv-244/.m2/repository/io/netty/netty-transport/4.1.122.Final/netty-transport-4.1.122.Final.jar:/home/lnv-244/.m2/repository/io/projectreactor/reactor-core/3.7.7/reactor-core-3.7.7.jar:/home/lnv-244/.m2/repository/org/reactivestreams/reactive-streams/1.0.4/reactive-streams-1.0.4.jar:/home/lnv-244/.m2/repository/org/springframework/data/spring-data-redis/3.5.1/spring-data-redis-3.5.1.jar:/home/lnv-244/.m2/repository/org/springframework/data/spring-data-keyvalue/3.5.1/spring-data-keyvalue-3.5.1.jar:/home/lnv-244/.m2/repository/org/springframework/spring-oxm/6.2.8/spring-oxm-6.2.8.jar:/home/lnv-244/.m2/repository/it/ozimov/embedded-redis/0.7.3/embedded-redis-0.7.3.jar:/home/lnv-244/.m2/repository/com/google/guava/guava/21.0/guava-21.0.jar:/home/lnv-244/.m2/repository/commons-io/commons-io/2.5/commons-io-2.5.jar:/home/lnv-244/.m2/repository/org/slf4j/slf4j-simple/2.0.17/slf4j-simple-2.0.17.jar:/home/lnv-244/.m2/repository/commons-logging/commons-logging/1.2/commons-logging-1.2.jar:/home/lnv-244/.m2/repository/com/googlecode/libphonenumber/libphonenumber/8.13.32/libphonenumber-8.13.32.jar:/home/lnv-244/.m2/repository/org/projectlombok/lombok/1.18.38/lombok-1.18.38.jar:/home/lnv-244/.m2/repository/org/springframework/boot/spring-boot-starter-test/3.5.3/spring-boot-starter-test-3.5.3.jar:/home/lnv-244/.m2/repository/org/springframework/boot/spring-boot-test/3.5.3/spring-boot-test-3.5.3.jar:/home/lnv-244/.m2/repository/org/springframework/boot/spring-boot-test-autoconfigure/3.5.3/spring-boot-test-autoconfigure-3.5.3.jar:/home/lnv-244/.m2/repository/com/jayway/jsonpath/json-path/2.9.0/json-path-2.9.0.jar:/home/lnv-244/.m2/repository/jakarta/xml/bind/jakarta.xml.bind-api/4.0.2/jakarta.xml.bind-api-4.0.2.jar:/home/lnv-244/.m2/repository/net/minidev/json-smart/2.5.2/json-smart-2.5.2.jar:/home/lnv-244/.m2/repository/net/minidev/accessors-smart/2.5.2/accessors-smart-2.5.2.jar:/home/lnv-244/.m2/repository/org/ow2/asm/asm/9.7.1/asm-9.7.1.jar:/home/lnv-244/.m2/repository/org/assertj/assertj-core/3.27.3/assertj-core-3.27.3.jar:/home/lnv-244/.m2/repository/org/awaitility/awaitility/4.2.2/awaitility-4.2.2.jar:/home/lnv-244/.m2/repository/org/hamcrest/hamcrest/3.0/hamcrest-3.0.jar:/home/lnv-244/.m2/repository/org/junit/jupiter/junit-jupiter/5.12.2/junit-jupiter-5.12.2.jar:/home/lnv-244/.m2/repository/org/junit/jupiter/junit-jupiter-api/5.12.2/junit-jupiter-api-5.12.2.jar:/home/lnv-244/.m2/repository/org/opentest4j/opentest4j/1.3.0/opentest4j-1.3.0.jar:/home/lnv-244/.m2/repository/org/junit/platform/junit-platform-commons/1.12.2/junit-platform-commons-1.12.2.jar:/home/lnv-244/.m2/repository/org/apiguardian/apiguardian-api/1.1.2/apiguardian-api-1.1.2.jar:/home/lnv-244/.m2/repository/org/junit/jupiter/junit-jupiter-params/5.12.2/junit-jupiter-params-5.12.2.jar:/home/lnv-244/.m2/repository/org/junit/jupiter/junit-jupiter-engine/5.12.2/junit-jupiter-engine-5.12.2.jar:/home/lnv-244/.m2/repository/org/junit/platform/junit-platform-engine/1.12.2/junit-platform-engine-1.12.2.jar:/home/lnv-244/.m2/repository/org/mockito/mockito-core/5.17.0/mockito-core-5.17.0.jar:/home/lnv-244/.m2/repository/net/bytebuddy/byte-buddy-agent/1.17.6/byte-buddy-agent-1.17.6.jar:/home/lnv-244/.m2/repository/org/objenesis/objenesis/3.3/objenesis-3.3.jar:/home/lnv-244/.m2/repository/org/mockito/mockito-junit-jupiter/5.17.0/mockito-junit-jupiter-5.17.0.jar:/home/lnv-244/.m2/repository/org/skyscreamer/jsonassert/1.5.3/jsonassert-1.5.3.jar:/home/lnv-244/.m2/repository/com/vaadin/external/google/android-json/0.0.20131108.vaadin1/android-json-0.0.20131108.vaadin1.jar:/home/lnv-244/.m2/repository/org/springframework/spring-core/6.2.8/spring-core-6.2.8.jar:/home/lnv-244/.m2/repository/org/springframework/spring-jcl/6.2.8/spring-jcl-6.2.8.jar:/home/lnv-244/.m2/repository/org/springframework/spring-test/6.2.8/spring-test-6.2.8.jar:/home/lnv-244/.m2/repository/org/xmlunit/xmlunit-core/2.10.2/xmlunit-core-2.10.2.jar:"/>
    <property name="java.vm.vendor" value="Ubuntu"/>
    <property name="sun.arch.data.model" value="64"/>
    <property name="java.vendor.url" value="https://ubuntu.com/"/>
    <property name="user.timezone" value="Asia/Kolkata"/>
    <property name="org.jboss.logging.provider" value="slf4j"/>
    <property name="os.name" value="Linux"/>
    <property name="java.vm.specification.version" value="17"/>
    <property name="APPLICATION_NAME" value="session-demo"/>
    <property name="sun.java.launcher" value="SUN_STANDARD"/>
    <property name="user.country" value="US"/>
    <property name="sun.boot.library.path" value="/usr/lib/jvm/java-17-openjdk-amd64/lib"/>
    <property name="sun.java.command" value="/home/lnv-244/CodeBase/session/java-ai-suit-9/target/surefire/surefirebooter-20250724180256481_3.jar /home/lnv-244/CodeBase/session/java-ai-suit-9/target/surefire 2025-07-24T18-02-56_390-jvmRun1 surefire-20250724180256481_1tmp surefire_0-20250724180256481_2tmp"/>
    <property name="jdk.debug" value="release"/>
    <property name="surefire.test.class.path" value="/home/lnv-244/CodeBase/session/java-ai-suit-9/target/test-classes:/home/lnv-244/CodeBase/session/java-ai-suit-9/target/classes:/home/lnv-244/.m2/repository/org/springframework/boot/spring-boot-starter-web/3.5.3/spring-boot-starter-web-3.5.3.jar:/home/lnv-244/.m2/repository/org/springframework/boot/spring-boot-starter/3.5.3/spring-boot-starter-3.5.3.jar:/home/lnv-244/.m2/repository/org/springframework/boot/spring-boot-starter-logging/3.5.3/spring-boot-starter-logging-3.5.3.jar:/home/lnv-244/.m2/repository/ch/qos/logback/logback-classic/1.5.18/logback-classic-1.5.18.jar:/home/lnv-244/.m2/repository/ch/qos/logback/logback-core/1.5.18/logback-core-1.5.18.jar:/home/lnv-244/.m2/repository/org/apache/logging/log4j/log4j-to-slf4j/2.24.3/log4j-to-slf4j-2.24.3.jar:/home/lnv-244/.m2/repository/org/apache/logging/log4j/log4j-api/2.24.3/log4j-api-2.24.3.jar:/home/lnv-244/.m2/repository/org/slf4j/jul-to-slf4j/2.0.17/jul-to-slf4j-2.0.17.jar:/home/lnv-244/.m2/repository/jakarta/annotation/jakarta.annotation-api/2.1.1/jakarta.annotation-api-2.1.1.jar:/home/lnv-244/.m2/repository/org/yaml/snakeyaml/2.4/snakeyaml-2.4.jar:/home/lnv-244/.m2/repository/org/springframework/boot/spring-boot-starter-json/3.5.3/spring-boot-starter-json-3.5.3.jar:/home/lnv-244/.m2/repository/com/fasterxml/jackson/datatype/jackson-datatype-jdk8/2.19.1/jackson-datatype-jdk8-2.19.1.jar:/home/lnv-244/.m2/repository/com/fasterxml/jackson/datatype/jackson-datatype-jsr310/2.19.1/jackson-datatype-jsr310-2.19.1.jar:/home/lnv-244/.m2/repository/com/fasterxml/jackson/module/jackson-module-parameter-names/2.19.1/jackson-module-parameter-names-2.19.1.jar:/home/lnv-244/.m2/repository/org/springframework/boot/spring-boot-starter-tomcat/3.5.3/spring-boot-starter-tomcat-3.5.3.jar:/home/lnv-244/.m2/repository/org/apache/tomcat/embed/tomcat-embed-core/10.1.42/tomcat-embed-core-10.1.42.jar:/home/lnv-244/.m2/repository/org/apache/tomcat/embed/tomcat-embed-websocket/10.1.42/tomcat-embed-websocket-10.1.42.jar:/home/lnv-244/.m2/repository/org/springframework/spring-web/6.2.8/spring-web-6.2.8.jar:/home/lnv-244/.m2/repository/org/springframework/spring-beans/6.2.8/spring-beans-6.2.8.jar:/home/lnv-244/.m2/repository/io/micrometer/micrometer-observation/1.15.1/micrometer-observation-1.15.1.jar:/home/lnv-244/.m2/repository/io/micrometer/micrometer-commons/1.15.1/micrometer-commons-1.15.1.jar:/home/lnv-244/.m2/repository/org/springframework/spring-webmvc/6.2.8/spring-webmvc-6.2.8.jar:/home/lnv-244/.m2/repository/org/springframework/spring-context/6.2.8/spring-context-6.2.8.jar:/home/lnv-244/.m2/repository/org/springframework/spring-expression/6.2.8/spring-expression-6.2.8.jar:/home/lnv-244/.m2/repository/org/springframework/boot/spring-boot-starter-data-jpa/3.5.3/spring-boot-starter-data-jpa-3.5.3.jar:/home/lnv-244/.m2/repository/org/springframework/boot/spring-boot-starter-jdbc/3.5.3/spring-boot-starter-jdbc-3.5.3.jar:/home/lnv-244/.m2/repository/com/zaxxer/HikariCP/6.3.0/HikariCP-6.3.0.jar:/home/lnv-244/.m2/repository/org/springframework/spring-jdbc/6.2.8/spring-jdbc-6.2.8.jar:/home/lnv-244/.m2/repository/org/hibernate/orm/hibernate-core/6.6.18.Final/hibernate-core-6.6.18.Final.jar:/home/lnv-244/.m2/repository/jakarta/persistence/jakarta.persistence-api/3.1.0/jakarta.persistence-api-3.1.0.jar:/home/lnv-244/.m2/repository/jakarta/transaction/jakarta.transaction-api/2.0.1/jakarta.transaction-api-2.0.1.jar:/home/lnv-244/.m2/repository/org/jboss/logging/jboss-logging/3.6.1.Final/jboss-logging-3.6.1.Final.jar:/home/lnv-244/.m2/repository/org/hibernate/common/hibernate-commons-annotations/7.0.3.Final/hibernate-commons-annotations-7.0.3.Final.jar:/home/lnv-244/.m2/repository/io/smallrye/jandex/3.2.0/jandex-3.2.0.jar:/home/lnv-244/.m2/repository/com/fasterxml/classmate/1.7.0/classmate-1.7.0.jar:/home/lnv-244/.m2/repository/net/bytebuddy/byte-buddy/1.17.6/byte-buddy-1.17.6.jar:/home/lnv-244/.m2/repository/org/glassfish/jaxb/jaxb-runtime/4.0.5/jaxb-runtime-4.0.5.jar:/home/lnv-244/.m2/repository/org/glassfish/jaxb/jaxb-core/4.0.5/jaxb-core-4.0.5.jar:/home/lnv-244/.m2/repository/org/glassfish/jaxb/txw2/4.0.5/txw2-4.0.5.jar:/home/lnv-244/.m2/repository/com/sun/istack/istack-commons-runtime/4.1.2/istack-commons-runtime-4.1.2.jar:/home/lnv-244/.m2/repository/jakarta/inject/jakarta.inject-api/2.0.1/jakarta.inject-api-2.0.1.jar:/home/lnv-244/.m2/repository/org/antlr/antlr4-runtime/4.13.0/antlr4-runtime-4.13.0.jar:/home/lnv-244/.m2/repository/org/springframework/data/spring-data-jpa/3.5.1/spring-data-jpa-3.5.1.jar:/home/lnv-244/.m2/repository/org/springframework/data/spring-data-commons/3.5.1/spring-data-commons-3.5.1.jar:/home/lnv-244/.m2/repository/org/springframework/spring-orm/6.2.8/spring-orm-6.2.8.jar:/home/lnv-244/.m2/repository/org/springframework/spring-tx/6.2.8/spring-tx-6.2.8.jar:/home/lnv-244/.m2/repository/org/slf4j/slf4j-api/2.0.17/slf4j-api-2.0.17.jar:/home/lnv-244/.m2/repository/org/springframework/spring-aspects/6.2.8/spring-aspects-6.2.8.jar:/home/lnv-244/.m2/repository/org/aspectj/aspectjweaver/1.9.24/aspectjweaver-1.9.24.jar:/home/lnv-244/.m2/repository/org/springframework/boot/spring-boot-starter-validation/3.5.3/spring-boot-starter-validation-3.5.3.jar:/home/lnv-244/.m2/repository/org/apache/tomcat/embed/tomcat-embed-el/10.1.42/tomcat-embed-el-10.1.42.jar:/home/lnv-244/.m2/repository/org/hibernate/validator/hibernate-validator/8.0.2.Final/hibernate-validator-8.0.2.Final.jar:/home/lnv-244/.m2/repository/jakarta/validation/jakarta.validation-api/3.0.2/jakarta.validation-api-3.0.2.jar:/home/lnv-244/.m2/repository/org/springframework/boot/spring-boot-devtools/3.5.3/spring-boot-devtools-3.5.3.jar:/home/lnv-244/.m2/repository/org/springframework/boot/spring-boot/3.5.3/spring-boot-3.5.3.jar:/home/lnv-244/.m2/repository/org/springframework/boot/spring-boot-autoconfigure/3.5.3/spring-boot-autoconfigure-3.5.3.jar:/home/lnv-244/.m2/repository/org/postgresql/postgresql/42.7.7/postgresql-42.7.7.jar:/home/lnv-244/.m2/repository/org/checkerframework/checker-qual/3.49.3/checker-qual-3.49.3.jar:/home/lnv-244/.m2/repository/com/h2database/h2/2.3.232/h2-2.3.232.jar:/home/lnv-244/.m2/repository/org/springdoc/springdoc-openapi-starter-webmvc-ui/2.2.0/springdoc-openapi-starter-webmvc-ui-2.2.0.jar:/home/lnv-244/.m2/repository/org/springdoc/springdoc-openapi-starter-webmvc-api/2.2.0/springdoc-openapi-starter-webmvc-api-2.2.0.jar:/home/lnv-244/.m2/repository/org/springdoc/springdoc-openapi-starter-common/2.2.0/springdoc-openapi-starter-common-2.2.0.jar:/home/lnv-244/.m2/repository/io/swagger/core/v3/swagger-core-jakarta/2.2.15/swagger-core-jakarta-2.2.15.jar:/home/lnv-244/.m2/repository/org/apache/commons/commons-lang3/3.17.0/commons-lang3-3.17.0.jar:/home/lnv-244/.m2/repository/io/swagger/core/v3/swagger-annotations-jakarta/2.2.15/swagger-annotations-jakarta-2.2.15.jar:/home/lnv-244/.m2/repository/io/swagger/core/v3/swagger-models-jakarta/2.2.15/swagger-models-jakarta-2.2.15.jar:/home/lnv-244/.m2/repository/com/fasterxml/jackson/dataformat/jackson-dataformat-yaml/2.19.1/jackson-dataformat-yaml-2.19.1.jar:/home/lnv-244/.m2/repository/org/webjars/swagger-ui/5.2.0/swagger-ui-5.2.0.jar:/home/lnv-244/.m2/repository/org/springframework/boot/spring-boot-starter-security/3.5.3/spring-boot-starter-security-3.5.3.jar:/home/lnv-244/.m2/repository/org/springframework/spring-aop/6.2.8/spring-aop-6.2.8.jar:/home/lnv-244/.m2/repository/org/springframework/security/spring-security-config/6.5.1/spring-security-config-6.5.1.jar:/home/lnv-244/.m2/repository/org/springframework/security/spring-security-core/6.5.1/spring-security-core-6.5.1.jar:/home/lnv-244/.m2/repository/org/springframework/security/spring-security-crypto/6.5.1/spring-security-crypto-6.5.1.jar:/home/lnv-244/.m2/repository/org/springframework/security/spring-security-web/6.5.1/spring-security-web-6.5.1.jar:/home/lnv-244/.m2/repository/org/mindrot/jbcrypt/0.4/jbcrypt-0.4.jar:/home/lnv-244/.m2/repository/io/jsonwebtoken/jjwt-api/0.12.3/jjwt-api-0.12.3.jar:/home/lnv-244/.m2/repository/io/jsonwebtoken/jjwt-impl/0.12.3/jjwt-impl-0.12.3.jar:/home/lnv-244/.m2/repository/io/jsonwebtoken/jjwt-jackson/0.12.3/jjwt-jackson-0.12.3.jar:/home/lnv-244/.m2/repository/com/fasterxml/jackson/core/jackson-databind/2.19.1/jackson-databind-2.19.1.jar:/home/lnv-244/.m2/repository/com/fasterxml/jackson/core/jackson-annotations/2.19.1/jackson-annotations-2.19.1.jar:/home/lnv-244/.m2/repository/com/fasterxml/jackson/core/jackson-core/2.19.1/jackson-core-2.19.1.jar:/home/lnv-244/.m2/repository/org/springframework/boot/spring-boot-starter-mail/3.5.3/spring-boot-starter-mail-3.5.3.jar:/home/lnv-244/.m2/repository/org/springframework/spring-context-support/6.2.8/spring-context-support-6.2.8.jar:/home/lnv-244/.m2/repository/org/eclipse/angus/jakarta.mail/2.0.3/jakarta.mail-2.0.3.jar:/home/lnv-244/.m2/repository/jakarta/activation/jakarta.activation-api/2.1.3/jakarta.activation-api-2.1.3.jar:/home/lnv-244/.m2/repository/org/eclipse/angus/angus-activation/2.0.2/angus-activation-2.0.2.jar:/home/lnv-244/.m2/repository/org/springframework/boot/spring-boot-starter-data-redis/3.5.3/spring-boot-starter-data-redis-3.5.3.jar:/home/lnv-244/.m2/repository/io/lettuce/lettuce-core/6.6.0.RELEASE/lettuce-core-6.6.0.RELEASE.jar:/home/lnv-244/.m2/repository/redis/clients/authentication/redis-authx-core/0.1.1-beta2/redis-authx-core-0.1.1-beta2.jar:/home/lnv-244/.m2/repository/io/netty/netty-common/4.1.122.Final/netty-common-4.1.122.Final.jar:/home/lnv-244/.m2/repository/io/netty/netty-handler/4.1.122.Final/netty-handler-4.1.122.Final.jar:/home/lnv-244/.m2/repository/io/netty/netty-resolver/4.1.122.Final/netty-resolver-4.1.122.Final.jar:/home/lnv-244/.m2/repository/io/netty/netty-buffer/4.1.122.Final/netty-buffer-4.1.122.Final.jar:/home/lnv-244/.m2/repository/io/netty/netty-transport-native-unix-common/4.1.122.Final/netty-transport-native-unix-common-4.1.122.Final.jar:/home/lnv-244/.m2/repository/io/netty/netty-codec/4.1.122.Final/netty-codec-4.1.122.Final.jar:/home/lnv-244/.m2/repository/io/netty/netty-transport/4.1.122.Final/netty-transport-4.1.122.Final.jar:/home/lnv-244/.m2/repository/io/projectreactor/reactor-core/3.7.7/reactor-core-3.7.7.jar:/home/lnv-244/.m2/repository/org/reactivestreams/reactive-streams/1.0.4/reactive-streams-1.0.4.jar:/home/lnv-244/.m2/repository/org/springframework/data/spring-data-redis/3.5.1/spring-data-redis-3.5.1.jar:/home/lnv-244/.m2/repository/org/springframework/data/spring-data-keyvalue/3.5.1/spring-data-keyvalue-3.5.1.jar:/home/lnv-244/.m2/repository/org/springframework/spring-oxm/6.2.8/spring-oxm-6.2.8.jar:/home/lnv-244/.m2/repository/it/ozimov/embedded-redis/0.7.3/embedded-redis-0.7.3.jar:/home/lnv-244/.m2/repository/com/google/guava/guava/21.0/guava-21.0.jar:/home/lnv-244/.m2/repository/commons-io/commons-io/2.5/commons-io-2.5.jar:/home/lnv-244/.m2/repository/org/slf4j/slf4j-simple/2.0.17/slf4j-simple-2.0.17.jar:/home/lnv-244/.m2/repository/commons-logging/commons-logging/1.2/commons-logging-1.2.jar:/home/lnv-244/.m2/repository/com/googlecode/libphonenumber/libphonenumber/8.13.32/libphonenumber-8.13.32.jar:/home/lnv-244/.m2/repository/org/projectlombok/lombok/1.18.38/lombok-1.18.38.jar:/home/lnv-244/.m2/repository/org/springframework/boot/spring-boot-starter-test/3.5.3/spring-boot-starter-test-3.5.3.jar:/home/lnv-244/.m2/repository/org/springframework/boot/spring-boot-test/3.5.3/spring-boot-test-3.5.3.jar:/home/lnv-244/.m2/repository/org/springframework/boot/spring-boot-test-autoconfigure/3.5.3/spring-boot-test-autoconfigure-3.5.3.jar:/home/lnv-244/.m2/repository/com/jayway/jsonpath/json-path/2.9.0/json-path-2.9.0.jar:/home/lnv-244/.m2/repository/jakarta/xml/bind/jakarta.xml.bind-api/4.0.2/jakarta.xml.bind-api-4.0.2.jar:/home/lnv-244/.m2/repository/net/minidev/json-smart/2.5.2/json-smart-2.5.2.jar:/home/lnv-244/.m2/repository/net/minidev/accessors-smart/2.5.2/accessors-smart-2.5.2.jar:/home/lnv-244/.m2/repository/org/ow2/asm/asm/9.7.1/asm-9.7.1.jar:/home/lnv-244/.m2/repository/org/assertj/assertj-core/3.27.3/assertj-core-3.27.3.jar:/home/lnv-244/.m2/repository/org/awaitility/awaitility/4.2.2/awaitility-4.2.2.jar:/home/lnv-244/.m2/repository/org/hamcrest/hamcrest/3.0/hamcrest-3.0.jar:/home/lnv-244/.m2/repository/org/junit/jupiter/junit-jupiter/5.12.2/junit-jupiter-5.12.2.jar:/home/lnv-244/.m2/repository/org/junit/jupiter/junit-jupiter-api/5.12.2/junit-jupiter-api-5.12.2.jar:/home/lnv-244/.m2/repository/org/opentest4j/opentest4j/1.3.0/opentest4j-1.3.0.jar:/home/lnv-244/.m2/repository/org/junit/platform/junit-platform-commons/1.12.2/junit-platform-commons-1.12.2.jar:/home/lnv-244/.m2/repository/org/apiguardian/apiguardian-api/1.1.2/apiguardian-api-1.1.2.jar:/home/lnv-244/.m2/repository/org/junit/jupiter/junit-jupiter-params/5.12.2/junit-jupiter-params-5.12.2.jar:/home/lnv-244/.m2/repository/org/junit/jupiter/junit-jupiter-engine/5.12.2/junit-jupiter-engine-5.12.2.jar:/home/lnv-244/.m2/repository/org/junit/platform/junit-platform-engine/1.12.2/junit-platform-engine-1.12.2.jar:/home/lnv-244/.m2/repository/org/mockito/mockito-core/5.17.0/mockito-core-5.17.0.jar:/home/lnv-244/.m2/repository/net/bytebuddy/byte-buddy-agent/1.17.6/byte-buddy-agent-1.17.6.jar:/home/lnv-244/.m2/repository/org/objenesis/objenesis/3.3/objenesis-3.3.jar:/home/lnv-244/.m2/repository/org/mockito/mockito-junit-jupiter/5.17.0/mockito-junit-jupiter-5.17.0.jar:/home/lnv-244/.m2/repository/org/skyscreamer/jsonassert/1.5.3/jsonassert-1.5.3.jar:/home/lnv-244/.m2/repository/com/vaadin/external/google/android-json/0.0.20131108.vaadin1/android-json-0.0.20131108.vaadin1.jar:/home/lnv-244/.m2/repository/org/springframework/spring-core/6.2.8/spring-core-6.2.8.jar:/home/lnv-244/.m2/repository/org/springframework/spring-jcl/6.2.8/spring-jcl-6.2.8.jar:/home/lnv-244/.m2/repository/org/springframework/spring-test/6.2.8/spring-test-6.2.8.jar:/home/lnv-244/.m2/repository/org/xmlunit/xmlunit-core/2.10.2/xmlunit-core-2.10.2.jar:"/>
    <property name="sun.cpu.endian" value="little"/>
    <property name="user.home" value="/home/lnv-244"/>
    <property name="user.language" value="en"/>
    <property name="java.specification.vendor" value="Oracle Corporation"/>
    <property name="java.version.date" value="2024-10-15"/>
    <property name="java.home" value="/usr/lib/jvm/java-17-openjdk-amd64"/>
    <property name="file.separator" value="/"/>
    <property name="basedir" value="/home/lnv-244/CodeBase/session/java-ai-suit-9"/>
    <property name="java.vm.compressedOopsMode" value="Zero based"/>
    <property name="line.separator" value="&#10;"/>
    <property name="java.vm.specification.vendor" value="Oracle Corporation"/>
    <property name="java.specification.name" value="Java Platform API Specification"/>
    <property name="FILE_LOG_CHARSET" value="UTF-8"/>
    <property name="java.awt.headless" value="true"/>
    <property name="surefire.real.class.path" value="/home/lnv-244/CodeBase/session/java-ai-suit-9/target/surefire/surefirebooter-20250724180256481_3.jar"/>
    <property name="sun.management.compiler" value="HotSpot 64-Bit Tiered Compilers"/>
    <property name="java.runtime.version" value="17.0.13+11-Ubuntu-2ubuntu120.04"/>
    <property name="user.name" value="lnv-244"/>
    <property name="path.separator" value=":"/>
    <property name="os.version" value="5.15.0-130-generic"/>
    <property name="java.runtime.name" value="OpenJDK Runtime Environment"/>
    <property name="file.encoding" value="UTF-8"/>
    <property name="java.vm.name" value="OpenJDK 64-Bit Server VM"/>
    <property name="localRepository" value="/home/lnv-244/.m2/repository"/>
    <property name="java.vendor.url.bug" value="https://bugs.launchpad.net/ubuntu/+source/openjdk-17"/>
    <property name="java.io.tmpdir" value="/tmp"/>
    <property name="com.zaxxer.hikari.pool_number" value="1"/>
    <property name="java.version" value="17.0.13"/>
    <property name="user.dir" value="/home/lnv-244/CodeBase/session/java-ai-suit-9"/>
    <property name="os.arch" value="amd64"/>
    <property name="java.vm.specification.name" value="Java Virtual Machine Specification"/>
    <property name="PID" value="607263"/>
    <property name="CONSOLE_LOG_CHARSET" value="UTF-8"/>
    <property name="native.encoding" value="UTF-8"/>
    <property name="java.library.path" value="/tmp/.mount_CursorirBGGA/usr/lib/:/tmp/.mount_CursorirBGGA/usr/lib32/:/tmp/.mount_CursorirBGGA/usr/lib64/:/tmp/.mount_CursorirBGGA/lib/:/tmp/.mount_CursorirBGGA/lib/i386-linux-gnu/:/tmp/.mount_CursorirBGGA/lib/x86_64-linux-gnu/:/tmp/.mount_CursorirBGGA/lib/aarch64-linux-gnu/:/tmp/.mount_CursorirBGGA/lib32/:/tmp/.mount_CursorirBGGA/lib64/::/usr/java/packages/lib:/usr/lib/x86_64-linux-gnu/jni:/lib/x86_64-linux-gnu:/usr/lib/x86_64-linux-gnu:/usr/lib/jni:/lib:/usr/lib"/>
    <property name="java.vm.info" value="mixed mode, sharing"/>
    <property name="java.vendor" value="Ubuntu"/>
    <property name="java.vm.version" value="17.0.13+11-Ubuntu-2ubuntu120.04"/>
    <property name="java.specification.maintenance.version" value="1"/>
    <property name="sun.io.unicode.encoding" value="UnicodeLittle"/>
    <property name="java.class.version" value="61.0"/>
    <property name="LOGGED_APPLICATION_NAME" value="[session-demo] "/>
  </properties>
  <testcase name="contextLoads" classname="com.example.session_demo.SessionDemoApplicationTests" time="0.015">
    <system-out><![CDATA[18:03:00.000 [main] INFO org.springframework.test.context.support.AnnotationConfigContextLoaderUtils -- Could not detect default configuration classes for test class [com.example.session_demo.SessionDemoApplicationTests]: SessionDemoApplicationTests does not declare any static, non-private, non-final, nested classes annotated with @Configuration.
18:03:00.116 [main] INFO org.springframework.boot.test.context.SpringBootTestContextBootstrapper -- Found @SpringBootConfiguration com.example.session_demo.SessionDemoApplication for test class com.example.session_demo.SessionDemoApplicationTests
18:03:00.279 [main] INFO org.springframework.boot.devtools.restart.RestartApplicationListener -- Restart disabled due to context in which it is running

  .   ____          _            __ _ _
 /\\ / ___'_ __ _ _(_)_ __  __ _ \ \ \ \
( ( )\___ | '_ | '_| | '_ \/ _` | \ \ \ \
 \\/  ___)| |_)| | | | | || (_| |  ) ) ) )
  '  |____| .__|_| |_|_| |_\__, | / / / /
 =========|_|==============|___/=/_/_/_/

 :: Spring Boot ::                (v3.5.3)

2025-07-24T18:03:00.548+05:30  INFO 607263 --- [session-demo] [           main] c.e.s.SessionDemoApplicationTests        : Starting SessionDemoApplicationTests using Java 17.0.13 with PID 607263 (started by lnv-244 in /home/lnv-244/CodeBase/session/java-ai-suit-9)
2025-07-24T18:03:00.550+05:30  INFO 607263 --- [session-demo] [           main] c.e.s.SessionDemoApplicationTests        : No active profile set, falling back to 1 default profile: "default"
2025-07-24T18:03:01.677+05:30  INFO 607263 --- [session-demo] [           main] .s.d.r.c.RepositoryConfigurationDelegate : Multiple Spring Data modules found, entering strict repository configuration mode
2025-07-24T18:03:01.680+05:30  INFO 607263 --- [session-demo] [           main] .s.d.r.c.RepositoryConfigurationDelegate : Bootstrapping Spring Data JPA repositories in DEFAULT mode.
2025-07-24T18:03:01.865+05:30  INFO 607263 --- [session-demo] [           main] .s.d.r.c.RepositoryConfigurationDelegate : Finished Spring Data repository scanning in 168 ms. Found 3 JPA repository interfaces.
2025-07-24T18:03:01.902+05:30  INFO 607263 --- [session-demo] [           main] .s.d.r.c.RepositoryConfigurationDelegate : Multiple Spring Data modules found, entering strict repository configuration mode
2025-07-24T18:03:01.904+05:30  INFO 607263 --- [session-demo] [           main] .s.d.r.c.RepositoryConfigurationDelegate : Bootstrapping Spring Data Redis repositories in DEFAULT mode.
2025-07-24T18:03:01.922+05:30  INFO 607263 --- [session-demo] [           main] .RepositoryConfigurationExtensionSupport : Spring Data Redis - Could not safely identify store assignment for repository candidate interface com.example.session_demo.repository.LoginAttemptRepository; If you want this repository to be a Redis repository, consider annotating your entities with one of these annotations: org.springframework.data.redis.core.RedisHash (preferred), or consider extending one of the following types with your repository: org.springframework.data.keyvalue.repository.KeyValueRepository
2025-07-24T18:03:01.923+05:30  INFO 607263 --- [session-demo] [           main] .RepositoryConfigurationExtensionSupport : Spring Data Redis - Could not safely identify store assignment for repository candidate interface com.example.session_demo.repository.ProviderRepository; If you want this repository to be a Redis repository, consider annotating your entities with one of these annotations: org.springframework.data.redis.core.RedisHash (preferred), or consider extending one of the following types with your repository: org.springframework.data.keyvalue.repository.KeyValueRepository
2025-07-24T18:03:01.923+05:30  INFO 607263 --- [session-demo] [           main] .RepositoryConfigurationExtensionSupport : Spring Data Redis - Could not safely identify store assignment for repository candidate interface com.example.session_demo.repository.RefreshTokenRepository; If you want this repository to be a Redis repository, consider annotating your entities with one of these annotations: org.springframework.data.redis.core.RedisHash (preferred), or consider extending one of the following types with your repository: org.springframework.data.keyvalue.repository.KeyValueRepository
2025-07-24T18:03:01.923+05:30  INFO 607263 --- [session-demo] [           main] .s.d.r.c.RepositoryConfigurationDelegate : Finished Spring Data repository scanning in 9 ms. Found 0 Redis repository interfaces.
2025-07-24T18:03:02.554+05:30  INFO 607263 --- [session-demo] [           main] o.hibernate.jpa.internal.util.LogHelper  : HHH000204: Processing PersistenceUnitInfo [name: default]
2025-07-24T18:03:02.607+05:30  INFO 607263 --- [session-demo] [           main] org.hibernate.Version                    : HHH000412: Hibernate ORM core version 6.6.18.Final
2025-07-24T18:03:02.645+05:30  INFO 607263 --- [session-demo] [           main] o.h.c.internal.RegionFactoryInitiator    : HHH000026: Second-level cache disabled
2025-07-24T18:03:02.754+05:30  INFO 607263 --- [session-demo] [           main] o.s.o.j.p.SpringPersistenceUnitInfo      : No LoadTimeWeaver setup: ignoring JPA class transformer
2025-07-24T18:03:02.777+05:30  INFO 607263 --- [session-demo] [           main] com.zaxxer.hikari.HikariDataSource       : HikariPool-1 - Starting...
2025-07-24T18:03:02.965+05:30  INFO 607263 --- [session-demo] [           main] com.zaxxer.hikari.pool.HikariPool        : HikariPool-1 - Added connection org.postgresql.jdbc.PgConnection@6693818c
2025-07-24T18:03:02.966+05:30  INFO 607263 --- [session-demo] [           main] com.zaxxer.hikari.HikariDataSource       : HikariPool-1 - Start completed.
2025-07-24T18:03:02.997+05:30  WARN 607263 --- [session-demo] [           main] org.hibernate.orm.deprecation            : HHH90000025: PostgreSQLDialect does not need to be specified explicitly using 'hibernate.dialect' (remove the property setting and it will be selected by default)
2025-07-24T18:03:03.011+05:30  INFO 607263 --- [session-demo] [           main] org.hibernate.orm.connections.pooling    : HHH10001005: Database info:
	Database JDBC URL [Connecting through datasource 'HikariDataSource (HikariPool-1)']
	Database driver: undefined/unknown
	Database version: 15.13
	Autocommit mode: undefined/unknown
	Isolation level: undefined/unknown
	Minimum pool size: undefined/unknown
	Maximum pool size: undefined/unknown
2025-07-24T18:03:03.746+05:30  INFO 607263 --- [session-demo] [           main] o.h.e.t.j.p.i.JtaPlatformInitiator       : HHH000489: No JTA platform available (set 'hibernate.transaction.jta.platform' to enable JTA platform integration)
2025-07-24T18:03:03.761+05:30 DEBUG 607263 --- [session-demo] [           main] org.hibernate.SQL                        : 
    set client_min_messages = WARNING
Hibernate: 
    set client_min_messages = WARNING
2025-07-24T18:03:03.765+05:30 DEBUG 607263 --- [session-demo] [           main] org.hibernate.SQL                        : 
    alter table if exists login_attempts 
       drop constraint if exists FKrauusosq6t9illwjtvtn4dxni
Hibernate: 
    alter table if exists login_attempts 
       drop constraint if exists FKrauusosq6t9illwjtvtn4dxni
2025-07-24T18:03:03.766+05:30 DEBUG 607263 --- [session-demo] [           main] org.hibernate.SQL                        : 
    alter table if exists refresh_tokens 
       drop constraint if exists FK7euc7bblyp6m2ath08be0kbro
Hibernate: 
    alter table if exists refresh_tokens 
       drop constraint if exists FK7euc7bblyp6m2ath08be0kbro
2025-07-24T18:03:03.767+05:30 DEBUG 607263 --- [session-demo] [           main] org.hibernate.SQL                        : 
    drop table if exists login_attempts cascade
Hibernate: 
    drop table if exists login_attempts cascade
2025-07-24T18:03:03.768+05:30 DEBUG 607263 --- [session-demo] [           main] org.hibernate.SQL                        : 
    drop table if exists providers cascade
Hibernate: 
    drop table if exists providers cascade
2025-07-24T18:03:03.775+05:30 DEBUG 607263 --- [session-demo] [           main] org.hibernate.SQL                        : 
    drop table if exists refresh_tokens cascade
Hibernate: 
    drop table if exists refresh_tokens cascade
2025-07-24T18:03:03.782+05:30 DEBUG 607263 --- [session-demo] [           main] org.hibernate.SQL                        : 
    create table login_attempts (
        created_at timestamp(6) not null,
        provider_id bigint,
        id UUID not null,
        attempt_type varchar(255) not null check (attempt_type in ('SUCCESS','FAILED','LOCKED','RATE_LIMITED','ACCOUNT_DISABLED','EMAIL_NOT_VERIFIED')),
        failure_reason varchar(255),
        identifier varchar(255) not null,
        ip_address varchar(255) not null,
        user_agent varchar(255),
        primary key (id)
    )
Hibernate: 
    create table login_attempts (
        created_at timestamp(6) not null,
        provider_id bigint,
        id UUID not null,
        attempt_type varchar(255) not null check (attempt_type in ('SUCCESS','FAILED','LOCKED','RATE_LIMITED','ACCOUNT_DISABLED','EMAIL_NOT_VERIFIED')),
        failure_reason varchar(255),
        identifier varchar(255) not null,
        ip_address varchar(255) not null,
        user_agent varchar(255),
        primary key (id)
    )
2025-07-24T18:03:03.798+05:30 DEBUG 607263 --- [session-demo] [           main] org.hibernate.SQL                        : 
    create table providers (
        concurrent_sessions integer not null,
        email_verified boolean not null,
        failed_login_attempts integer not null,
        is_active boolean not null,
        login_count integer not null,
        years_of_experience integer not null check ((years_of_experience<=50) and (years_of_experience>=0)),
        created_at timestamp(6) not null,
        email_verification_token_expiry timestamp(6),
        id bigint generated by default as identity,
        last_login timestamp(6),
        locked_until timestamp(6),
        password_changed_at timestamp(6),
        updated_at timestamp(6) not null,
        uuid UUID not null unique,
        first_name varchar(50) not null,
        last_name varchar(50) not null,
        clinic_city varchar(255),
        clinic_state varchar(255),
        clinic_street varchar(255),
        clinic_zip varchar(255),
        email varchar(255) not null unique,
        email_verification_token varchar(255),
        license_document_url varchar(255),
        license_number varchar(255) not null unique,
        password_hash varchar(255) not null,
        phone_number varchar(255) not null unique,
        specialization varchar(255) not null check (specialization in ('ALLERGY_IMMUNOLOGY','ANESTHESIOLOGY','CARDIOLOGY','DERMATOLOGY','EMERGENCY_MEDICINE','FAMILY_MEDICINE','GASTROENTEROLOGY','GENERAL_SURGERY','HEMATOLOGY','INFECTIOUS_DISEASE','INTERNAL_MEDICINE','NEPHROLOGY','NEUROLOGY','NEUROSURGERY','OBSTETRICS_GYNECOLOGY','ONCOLOGY','OPHTHALMOLOGY','ORTHOPEDIC_SURGERY','OTOLARYNGOLOGY','PATHOLOGY','PEDIATRICS','PHYSICAL_MEDICINE','PLASTIC_SURGERY','PSYCHIATRY','PULMONOLOGY','RADIOLOGY','RHEUMATOLOGY','UROLOGY','NURSE_PRACTITIONER','PHYSICIAN_ASSISTANT','OTHER')),
        verification_status varchar(255) not null check (verification_status in ('PENDING','VERIFIED','REJECTED')),
        primary key (id)
    )
Hibernate: 
    create table providers (
        concurrent_sessions integer not null,
        email_verified boolean not null,
        failed_login_attempts integer not null,
        is_active boolean not null,
        login_count integer not null,
        years_of_experience integer not null check ((years_of_experience<=50) and (years_of_experience>=0)),
        created_at timestamp(6) not null,
        email_verification_token_expiry timestamp(6),
        id bigint generated by default as identity,
        last_login timestamp(6),
        locked_until timestamp(6),
        password_changed_at timestamp(6),
        updated_at timestamp(6) not null,
        uuid UUID not null unique,
        first_name varchar(50) not null,
        last_name varchar(50) not null,
        clinic_city varchar(255),
        clinic_state varchar(255),
        clinic_street varchar(255),
        clinic_zip varchar(255),
        email varchar(255) not null unique,
        email_verification_token varchar(255),
        license_document_url varchar(255),
        license_number varchar(255) not null unique,
        password_hash varchar(255) not null,
        phone_number varchar(255) not null unique,
        specialization varchar(255) not null check (specialization in ('ALLERGY_IMMUNOLOGY','ANESTHESIOLOGY','CARDIOLOGY','DERMATOLOGY','EMERGENCY_MEDICINE','FAMILY_MEDICINE','GASTROENTEROLOGY','GENERAL_SURGERY','HEMATOLOGY','INFECTIOUS_DISEASE','INTERNAL_MEDICINE','NEPHROLOGY','NEUROLOGY','NEUROSURGERY','OBSTETRICS_GYNECOLOGY','ONCOLOGY','OPHTHALMOLOGY','ORTHOPEDIC_SURGERY','OTOLARYNGOLOGY','PATHOLOGY','PEDIATRICS','PHYSICAL_MEDICINE','PLASTIC_SURGERY','PSYCHIATRY','PULMONOLOGY','RADIOLOGY','RHEUMATOLOGY','UROLOGY','NURSE_PRACTITIONER','PHYSICIAN_ASSISTANT','OTHER')),
        verification_status varchar(255) not null check (verification_status in ('PENDING','VERIFIED','REJECTED')),
        primary key (id)
    )
2025-07-24T18:03:03.822+05:30 DEBUG 607263 --- [session-demo] [           main] org.hibernate.SQL                        : 
    create table refresh_tokens (
        is_revoked boolean not null,
        created_at timestamp(6) not null,
        expires_at timestamp(6) not null,
        last_used_at timestamp(6) not null,
        provider_id bigint not null,
        id UUID not null,
        device_info varchar(255),
        ip_address varchar(255),
        token_hash varchar(255) not null unique,
        user_agent varchar(255),
        primary key (id)
    )
Hibernate: 
    create table refresh_tokens (
        is_revoked boolean not null,
        created_at timestamp(6) not null,
        expires_at timestamp(6) not null,
        last_used_at timestamp(6) not null,
        provider_id bigint not null,
        id UUID not null,
        device_info varchar(255),
        ip_address varchar(255),
        token_hash varchar(255) not null unique,
        user_agent varchar(255),
        primary key (id)
    )
2025-07-24T18:03:03.834+05:30 DEBUG 607263 --- [session-demo] [           main] org.hibernate.SQL                        : 
    create index idx_login_attempt_provider 
       on login_attempts (provider_id)
Hibernate: 
    create index idx_login_attempt_provider 
       on login_attempts (provider_id)
2025-07-24T18:03:03.839+05:30 DEBUG 607263 --- [session-demo] [           main] org.hibernate.SQL                        : 
    create index idx_login_attempt_identifier 
       on login_attempts (identifier)
Hibernate: 
    create index idx_login_attempt_identifier 
       on login_attempts (identifier)
2025-07-24T18:03:03.843+05:30 DEBUG 607263 --- [session-demo] [           main] org.hibernate.SQL                        : 
    create index idx_login_attempt_ip 
       on login_attempts (ip_address)
Hibernate: 
    create index idx_login_attempt_ip 
       on login_attempts (ip_address)
2025-07-24T18:03:03.848+05:30 DEBUG 607263 --- [session-demo] [           main] org.hibernate.SQL                        : 
    create index idx_login_attempt_created 
       on login_attempts (created_at)
Hibernate: 
    create index idx_login_attempt_created 
       on login_attempts (created_at)
2025-07-24T18:03:03.854+05:30 DEBUG 607263 --- [session-demo] [           main] org.hibernate.SQL                        : 
    create index idx_login_attempt_type 
       on login_attempts (attempt_type)
Hibernate: 
    create index idx_login_attempt_type 
       on login_attempts (attempt_type)
2025-07-24T18:03:03.859+05:30 DEBUG 607263 --- [session-demo] [           main] org.hibernate.SQL                        : 
    create index idx_provider_email 
       on providers (email)
Hibernate: 
    create index idx_provider_email 
       on providers (email)
2025-07-24T18:03:03.863+05:30 DEBUG 607263 --- [session-demo] [           main] org.hibernate.SQL                        : 
    create index idx_provider_phone 
       on providers (phone_number)
Hibernate: 
    create index idx_provider_phone 
       on providers (phone_number)
2025-07-24T18:03:03.870+05:30 DEBUG 607263 --- [session-demo] [           main] org.hibernate.SQL                        : 
    create index idx_provider_license 
       on providers (license_number)
Hibernate: 
    create index idx_provider_license 
       on providers (license_number)
2025-07-24T18:03:03.874+05:30 DEBUG 607263 --- [session-demo] [           main] org.hibernate.SQL                        : 
    create index idx_refresh_token_provider 
       on refresh_tokens (provider_id)
Hibernate: 
    create index idx_refresh_token_provider 
       on refresh_tokens (provider_id)
2025-07-24T18:03:03.878+05:30 DEBUG 607263 --- [session-demo] [           main] org.hibernate.SQL                        : 
    create index idx_refresh_token_hash 
       on refresh_tokens (token_hash)
Hibernate: 
    create index idx_refresh_token_hash 
       on refresh_tokens (token_hash)
2025-07-24T18:03:03.884+05:30 DEBUG 607263 --- [session-demo] [           main] org.hibernate.SQL                        : 
    create index idx_refresh_token_expires 
       on refresh_tokens (expires_at)
Hibernate: 
    create index idx_refresh_token_expires 
       on refresh_tokens (expires_at)
2025-07-24T18:03:03.890+05:30 DEBUG 607263 --- [session-demo] [           main] org.hibernate.SQL                        : 
    alter table if exists login_attempts 
       add constraint FKrauusosq6t9illwjtvtn4dxni 
       foreign key (provider_id) 
       references providers
Hibernate: 
    alter table if exists login_attempts 
       add constraint FKrauusosq6t9illwjtvtn4dxni 
       foreign key (provider_id) 
       references providers
2025-07-24T18:03:03.897+05:30 DEBUG 607263 --- [session-demo] [           main] org.hibernate.SQL                        : 
    alter table if exists refresh_tokens 
       add constraint FK7euc7bblyp6m2ath08be0kbro 
       foreign key (provider_id) 
       references providers
Hibernate: 
    alter table if exists refresh_tokens 
       add constraint FK7euc7bblyp6m2ath08be0kbro 
       foreign key (provider_id) 
       references providers
2025-07-24T18:03:03.904+05:30  INFO 607263 --- [session-demo] [           main] j.LocalContainerEntityManagerFactoryBean : Initialized JPA EntityManagerFactory for persistence unit 'default'
2025-07-24T18:03:04.178+05:30  INFO 607263 --- [session-demo] [           main] o.s.d.j.r.query.QueryEnhancerFactory     : Hibernate is in classpath; If applicable, HQL parser will be used.
2025-07-24T18:03:05.370+05:30  WARN 607263 --- [session-demo] [           main] JpaBaseConfiguration$JpaWebConfiguration : spring.jpa.open-in-view is enabled by default. Therefore, database queries may be performed during view rendering. Explicitly configure spring.jpa.open-in-view to disable this warning
2025-07-24T18:03:05.583+05:30  WARN 607263 --- [session-demo] [           main] .s.s.UserDetailsServiceAutoConfiguration : 

Using generated security password: ab77c3fd-f7a3-4c89-bcf5-b9ac39fd3a71

This generated password is for development use only. Your security configuration must be updated before running your application in production.

2025-07-24T18:03:05.589+05:30  INFO 607263 --- [session-demo] [           main] r$InitializeUserDetailsManagerConfigurer : Global AuthenticationManager configured with UserDetailsService bean with name inMemoryUserDetailsManager
2025-07-24T18:03:06.137+05:30  INFO 607263 --- [session-demo] [           main] c.e.s.SessionDemoApplicationTests        : Started SessionDemoApplicationTests in 5.871 seconds (process running for 9.59)
2025-07-24T18:03:06.149+05:30  INFO 607263 --- [session-demo] [   scheduling-1] c.e.s.service.SessionCleanupService      : Starting cleanup of expired refresh tokens
]]></system-out>
  </testcase>
</testsuite>